#
# A fatal error has been detected by the Java Runtime Environment:
#
#  SIGSEGV (0xb) at pc=0x00007ff812eeb33f, pid=78881, tid=0x0000000000029543
#
# JRE version: OpenJDK Runtime Environment (8.0_322-b06) (build 1.8.0_322-b06)
# Java VM: OpenJDK 64-Bit Server VM (25.322-b06 mixed mode bsd-amd64 compressed oops)
# Problematic frame:
# C  [libobjc.A.dylib+0x933f]  objc_release+0x1f
#
# Failed to write core dump. Core dumps have been disabled. To enable core dumping, try "ulimit -c unlimited" before starting Java again
#
# If you would like to submit a bug report, please visit:
#   https://github.com/corretto/corretto-8/issues/
# The crash happened outside the Java Virtual Machine in native code.
# See problematic frame for where to report the bug.
#

---------------  T H R E A D  ---------------

Current thread (0x00007f84bb4f6800):  JavaThread "LWJGL Application" daemon [_thread_in_native, id=169283, stack(0x000000030b2dc000,0x000000030b3dc000)]

siginfo: si_signo: 11 (SIGSEGV), si_code: 1 (SEGV_MAPERR), si_addr: 0x00005624b5f8c080

Registers:
RAX=0x00005624b5f8c060, RBX=0x0000000000000001, RCX=0x00005624b5f8c060, RDX=0x0000000000000000
RSP=0x000000030b3db4a8, RBP=0x000000030b3db4e0, RSI=0x00007ff82d71b36d, RDI=0x0000600001e1c060
R8 =0x00007f847c849cc8, R9 =0x0000000000000000, R10=0x00006000022633c0, R11=0x00007ff815a44134
R12=0x0000600001e1c060, R13=0xa3a3a3a3a3a3a3a3, R14=0x00007f84bc8a3068, R15=0x00007f84bc8a3000
RIP=0x00007ff812eeb33f, EFLAGS=0x0000000000000246, ERR=0x0000000000000004
  TRAPNO=0x000000000000000e

Top of Stack: (sp=0x000000030b3db4a8)
0x000000030b3db4a8:   00007ff812eef3da b24525e19506003f
0x000000030b3db4b8:   00007f84bc8a3000 0000000000000000
0x000000030b3db4c8:   000000012dc0eb50 00007ff82d71b36d
0x000000030b3db4d8:   0000600001e67120 000000030b3db500
0x000000030b3db4e8:   00007ff812eec25f b24525e19506003f
0x000000030b3db4f8:   00007f84bc8a3068 000000030b3db520
0x000000030b3db508:   00007ff8130dd822 b24525e19506003f
0x000000030b3db518:   000000012dc0eb58 000000030b3db560
0x000000030b3db528:   00007ff813e63d21 000000030b3db560
0x000000030b3db538:   000000012ce2ab44 b24525e19506003f
0x000000030b3db548:   000000012dc0eb58 000000030b3db5e8
0x000000030b3db558:   00007f84bb4f6800 000000030b3db5c0
0x000000030b3db568:   000000010da0d248 000000012dc0dc00
0x000000030b3db578:   000000010da0cc82 000000030b3db580
0x000000030b3db588:   000000012dc0eb50 000000030b3db5e8
0x000000030b3db598:   000000012dc0f118 0000000000000000
0x000000030b3db5a8:   000000012dc0eb58 0000000000000000
0x000000030b3db5b8:   000000030b3db5e0 000000030b3db630
0x000000030b3db5c8:   000000010d9f509d 000000079644d8f8
0x000000030b3db5d8:   000000010da03a78 000000079645f098
0x000000030b3db5e8:   000000079587e798 000000030b3db5f0
0x000000030b3db5f8:   000000012dc0ea57 000000030b3db660
0x000000030b3db608:   000000012dc0f118 0000000000000000
0x000000030b3db618:   000000012dc0eac8 000000030b3db5e0
0x000000030b3db628:   000000030b3db650 000000030b3db6b8
0x000000030b3db638:   000000010d9f50e2 0000000000000000
0x000000030b3db648:   000000079587e798 000000079645f098
0x000000030b3db658:   000000079587e6e0 000000079644d990
0x000000030b3db668:   0000000000000001 000000079644d9a0
0x000000030b3db678:   000000030b3db668 0000000123f40f4e
0x000000030b3db688:   000000030b3db6c8 000000012dc0d2e0
0x000000030b3db698:   0000000000000000 0000000123f40f80 

Instructions: (pc=0x00007ff812eeb33f)
0x00007ff812eeb31f:   c3 48 85 ff 74 76 89 f8 83 e0 01 48 85 c0 75 6c
0x00007ff812eeb32f:   48 8b 07 48 b9 f8 ff ff ff ff 7f 00 00 48 21 c1
0x00007ff812eeb33f:   48 8b 51 20 f6 c2 04 74 54 a8 01 74 72 48 b9 00
0x00007ff812eeb34f:   00 00 00 00 00 80 00 48 ba 00 00 00 00 00 00 00 

Register to memory mapping:

RAX=0x00005624b5f8c060 is an unknown value
RBX=0x0000000000000001 is an unknown value
RCX=0x00005624b5f8c060 is an unknown value
RDX=0x0000000000000000 is an unknown value
RSP=0x000000030b3db4a8 is pointing into the stack for thread: 0x00007f84bb4f6800
RBP=0x000000030b3db4e0 is pointing into the stack for thread: 0x00007f84bb4f6800
RSI=0x00007ff82d71b36d: <offset 0x1a83936d> in /usr/lib/libobjc.A.dylib at 0x00007ff812ee2000
RDI=0x0000600001e1c060 is an unknown value
R8 =0x00007f847c849cc8 is an unknown value
R9 =0x0000000000000000 is an unknown value
R10=0x00006000022633c0 is an unknown value
R11=0x00007ff815a44134: -[NSResponder release]+0 in /System/Library/Frameworks/AppKit.framework/Versions/C/AppKit at 0x00007ff815a39000
R12=0x0000600001e1c060 is an unknown value
R13=0xa3a3a3a3a3a3a3a3 is an unknown value
R14=0x00007f84bc8a3068 is an unknown value
R15=0x00007f84bc8a3000 is an unknown value


Stack: [0x000000030b2dc000,0x000000030b3dc000],  sp=0x000000030b3db4a8,  free space=1021k
Native frames: (J=compiled Java code, j=interpreted, Vv=VM code, C=native code)
C  [libobjc.A.dylib+0x933f]  objc_release+0x1f
C  [libobjc.A.dylib+0xa25f]  objc_autoreleasePoolPop+0xa8
C  [CoreFoundation+0x41822]  _CFAutoreleasePoolPop+0x16
C  [Foundation+0x1ed21]  -[NSAutoreleasePool release]+0x85
j  org.lwjgl.opengl.MacOSXContextImplementation.setView(Ljava/nio/ByteBuffer;Ljava/nio/ByteBuffer;)V+0
j  org.lwjgl.opengl.MacOSXContextImplementation.makeCurrent(Lorg/lwjgl/opengl/PeerInfo;Ljava/nio/ByteBuffer;)V+7
j  org.lwjgl.opengl.ContextGL.makeCurrent()V+46
j  org.lwjgl.opengl.DrawableGL.makeCurrent()V+14
j  org.lwjgl.opengl.Display.makeCurrent()V+3
j  org.lwjgl.opengl.Display.makeCurrentAndSetSwapInterval()V+0
j  org.lwjgl.opengl.Display.create(Lorg/lwjgl/opengl/PixelFormat;Lorg/lwjgl/opengl/Drawable;Lorg/lwjgl/opengl/ContextAttribs;)V+108
j  org.lwjgl.opengl.Display.create(Lorg/lwjgl/opengl/PixelFormat;)V+12
j  com.badlogic.gdx.backends.lwjgl.LwjglGraphics.createDisplayPixelFormat()V+233
j  com.badlogic.gdx.backends.lwjgl.LwjglGraphics.setupDisplay()V+431
j  com.badlogic.gdx.backends.lwjgl.LwjglApplication.mainLoop()V+9
j  com.badlogic.gdx.backends.lwjgl.LwjglApplication$1.run()V+27
v  ~StubRoutines::call_stub
V  [libjvm.dylib+0x2c4ec0]
V  [libjvm.dylib+0x2c3cca]
V  [libjvm.dylib+0x2c3eb5]
V  [libjvm.dylib+0x333c2c]
V  [libjvm.dylib+0x53aac5]
V  [libjvm.dylib+0x53a983]
V  [libjvm.dylib+0x46f48a]
C  [libsystem_pthread.dylib+0x64e1]  _pthread_start+0x7d
C  [libsystem_pthread.dylib+0x1f6b]  thread_start+0xf
C  0x0000000000000000

Java frames: (J=compiled Java code, j=interpreted, Vv=VM code)
j  org.lwjgl.opengl.MacOSXContextImplementation.setView(Ljava/nio/ByteBuffer;Ljava/nio/ByteBuffer;)V+0
j  org.lwjgl.opengl.MacOSXContextImplementation.makeCurrent(Lorg/lwjgl/opengl/PeerInfo;Ljava/nio/ByteBuffer;)V+7
j  org.lwjgl.opengl.ContextGL.makeCurrent()V+46
j  org.lwjgl.opengl.DrawableGL.makeCurrent()V+14
j  org.lwjgl.opengl.Display.makeCurrent()V+3
j  org.lwjgl.opengl.Display.makeCurrentAndSetSwapInterval()V+0
j  org.lwjgl.opengl.Display.create(Lorg/lwjgl/opengl/PixelFormat;Lorg/lwjgl/opengl/Drawable;Lorg/lwjgl/opengl/ContextAttribs;)V+108
j  org.lwjgl.opengl.Display.create(Lorg/lwjgl/opengl/PixelFormat;)V+12
j  com.badlogic.gdx.backends.lwjgl.LwjglGraphics.createDisplayPixelFormat()V+233
j  com.badlogic.gdx.backends.lwjgl.LwjglGraphics.setupDisplay()V+431
j  com.badlogic.gdx.backends.lwjgl.LwjglApplication.mainLoop()V+9
j  com.badlogic.gdx.backends.lwjgl.LwjglApplication$1.run()V+27
v  ~StubRoutines::call_stub

---------------  P R O C E S S  ---------------

Java Threads: ( => current thread )
=>0x00007f84bb4f6800 JavaThread "LWJGL Application" daemon [_thread_in_native, id=169283, stack(0x000000030b2dc000,0x000000030b3dc000)]
  0x00007f84bcdff000 JavaThread "AWT-Shutdown" [_thread_blocked, id=44807, stack(0x000000030ae2f000,0x000000030af2f000)]
  0x00007f84bc571800 JavaThread "AppKit Thread" daemon [_thread_in_native, id=259, stack(0x00000003089c7000,0x00000003091c7000)]
  0x00007f84bc547000 JavaThread "SCR Component Actor" daemon [_thread_blocked, id=33387, stack(0x000000030aca6000,0x000000030ada6000)]
  0x00007f84bc2df800 JavaThread "Gogo shell" daemon [_thread_in_native, id=27035, stack(0x000000030aba3000,0x000000030aca3000)]
  0x00007f84bc22e800 JavaThread "FelixStartLevel" daemon [_thread_in_Java, id=39631, stack(0x000000030aaa0000,0x000000030aba0000)]
  0x00007f84bc976800 JavaThread "FelixFrameworkWiring" daemon [_thread_blocked, id=39383, stack(0x000000030a99d000,0x000000030aa9d000)]
  0x00007f84bb085000 JavaThread "FelixDispatchQueue" [_thread_blocked, id=24591, stack(0x000000030a89a000,0x000000030a99a000)]
  0x00007f84bc85e000 JavaThread "Service Thread" daemon [_thread_blocked, id=23047, stack(0x000000030a694000,0x000000030a794000)]
  0x00007f84bc062800 JavaThread "C1 CompilerThread3" daemon [_thread_blocked, id=41475, stack(0x000000030a591000,0x000000030a691000)]
  0x00007f84bc062000 JavaThread "C2 CompilerThread2" daemon [_thread_blocked, id=22787, stack(0x000000030a48e000,0x000000030a58e000)]
  0x00007f84bc05a000 JavaThread "C2 CompilerThread1" daemon [_thread_blocked, id=42243, stack(0x000000030a38b000,0x000000030a48b000)]
  0x00007f84bc060000 JavaThread "C2 CompilerThread0" daemon [_thread_blocked, id=42499, stack(0x000000030a288000,0x000000030a388000)]
  0x00007f84bc04a000 JavaThread "JDWP Event Helper Thread" daemon [_thread_blocked, id=22275, stack(0x000000030a185000,0x000000030a285000)]
  0x00007f84bc05b000 JavaThread "JDWP Transport Listener: dt_socket" daemon [_thread_in_native, id=43279, stack(0x000000030a082000,0x000000030a182000)]
  0x00007f84bc84a000 JavaThread "Signal Dispatcher" daemon [_thread_blocked, id=21763, stack(0x0000000309f7f000,0x000000030a07f000)]
  0x00007f84bc847000 JavaThread "Finalizer" daemon [_thread_blocked, id=19459, stack(0x0000000309d6c000,0x0000000309e6c000)]
  0x00007f84bc030000 JavaThread "Reference Handler" daemon [_thread_blocked, id=20259, stack(0x0000000309c69000,0x0000000309d69000)]
  0x00007f84bc808800 JavaThread "main" [_thread_blocked, id=8707, stack(0x000000030924b000,0x000000030934b000)]

Other Threads:
  0x00007f84bc02b800 VMThread [stack: 0x0000000309b66000,0x0000000309c66000] [id=15363]
  0x00007f84bc06b800 WatcherThread [stack: 0x000000030a797000,0x000000030a897000] [id=23555]

VM state:not at safepoint (normal execution)

VM Mutex/Monitor currently owned by a thread: None

heap address: 0x0000000740000000, size: 2048 MB, Compressed Oops mode: Zero based, Oop shift amount: 3
Narrow klass base: 0x0000000000000000, Narrow klass shift: 3
Compressed class space size: 1073741824 Address: 0x00000007c0000000

Heap:
 PSYoungGen      total 71680K, used 22350K [0x0000000795580000, 0x000000079a080000, 0x00000007c0000000)
  eden space 66560K, 26% used [0x0000000795580000,0x00000007966a02a8,0x0000000799680000)
  from space 5120K, 94% used [0x0000000799b80000,0x000000079a0337f8,0x000000079a080000)
  to   space 5120K, 0% used [0x0000000799680000,0x0000000799680000,0x0000000799b80000)
 ParOldGen       total 87552K, used 8K [0x0000000740000000, 0x0000000745580000, 0x0000000795580000)
  object space 87552K, 0% used [0x0000000740000000,0x0000000740002000,0x0000000745580000)
 Metaspace       used 11274K, capacity 11814K, committed 11904K, reserved 1060864K
  class space    used 1194K, capacity 1386K, committed 1408K, reserved 1048576K

Card table byte_map: [0x000000010b43a000,0x000000010b83b000] byte_map_base: 0x0000000107a3a000

Marking Bits: (ParMarkBitMap*) 0x000000010c2e9c18
 Begin Bits: [0x000000011c9ed000, 0x000000011e9ed000)
 End Bits:   [0x000000011e9ed000, 0x00000001209ed000)

Polling page: 0x000000010ae30000

CodeCache: size=245760Kb used=5188Kb max_used=5200Kb free=240572Kb
 bounds [0x000000010d9ed000, 0x000000010df0d000, 0x000000011c9ed000]
 total_blobs=1830 nmethods=1465 adapters=287
 compilation: enabled

Compilation events (10 events):
Event: 3.625 Thread 0x00007f84bc062800 1455       3       java.util.Scanner::revertState (19 bytes)
Event: 3.625 Thread 0x00007f84bc062800 nmethod 1455 0x000000010def4690 code [0x000000010def47e0, 0x000000010def4950]
Event: 3.625 Thread 0x00007f84bc062800 1457       3       java.util.Scanner::nextLine (88 bytes)
Event: 3.626 Thread 0x00007f84bc062800 nmethod 1457 0x000000010defa290 code [0x000000010defa500, 0x000000010defb318]
Event: 3.626 Thread 0x00007f84bc062800 1458       3       java.util.Scanner::getCachedResult (23 bytes)
Event: 3.626 Thread 0x00007f84bc062800 nmethod 1458 0x000000010defba10 code [0x000000010defbb60, 0x000000010defbcf0]
Event: 3.626 Thread 0x00007f84bc062800 1459       3       dk.sdu.mmmi.cbse.osgiscoresystem.ScorePlugin::hashInsert (56 bytes)
Event: 3.628 Thread 0x00007f84bc062800 nmethod 1459 0x000000010defbd50 code [0x000000010defbfe0, 0x000000010defd208]
Event: 3.636 Thread 0x00007f84bc060000 nmethod 1460 0x000000010df03c50 code [0x000000010df03de0, 0x000000010df04118]
Event: 3.637 Thread 0x00007f84bc05a000 nmethod 1456 0x000000010defe290 code [0x000000010defe420, 0x000000010defe998]

GC Heap History (4 events):
Event: 0.705 GC heap before
{Heap before GC invocations=1 (full 0):
 PSYoungGen      total 38400K, used 33280K [0x0000000795580000, 0x0000000798000000, 0x00000007c0000000)
  eden space 33280K, 100% used [0x0000000795580000,0x0000000797600000,0x0000000797600000)
  from space 5120K, 0% used [0x0000000797b00000,0x0000000797b00000,0x0000000798000000)
  to   space 5120K, 0% used [0x0000000797600000,0x0000000797600000,0x0000000797b00000)
 ParOldGen       total 87552K, used 0K [0x0000000740000000, 0x0000000745580000, 0x0000000795580000)
  object space 87552K, 0% used [0x0000000740000000,0x0000000740000000,0x0000000745580000)
 Metaspace       used 7745K, capacity 7940K, committed 8192K, reserved 1056768K
  class space    used 841K, capacity 937K, committed 1024K, reserved 1048576K
Event: 0.720 GC heap after
Heap after GC invocations=1 (full 0):
 PSYoungGen      total 38400K, used 4134K [0x0000000795580000, 0x000000079a080000, 0x00000007c0000000)
  eden space 33280K, 0% used [0x0000000795580000,0x0000000795580000,0x0000000797600000)
  from space 5120K, 80% used [0x0000000797600000,0x0000000797a09b98,0x0000000797b00000)
  to   space 5120K, 0% used [0x0000000799b80000,0x0000000799b80000,0x000000079a080000)
 ParOldGen       total 87552K, used 0K [0x0000000740000000, 0x0000000745580000, 0x0000000795580000)
  object space 87552K, 0% used [0x0000000740000000,0x0000000740000000,0x0000000745580000)
 Metaspace       used 7745K, capacity 7940K, committed 8192K, reserved 1056768K
  class space    used 841K, capacity 937K, committed 1024K, reserved 1048576K
}
Event: 3.087 GC heap before
{Heap before GC invocations=2 (full 0):
 PSYoungGen      total 38400K, used 37414K [0x0000000795580000, 0x000000079a080000, 0x00000007c0000000)
  eden space 33280K, 100% used [0x0000000795580000,0x0000000797600000,0x0000000797600000)
  from space 5120K, 80% used [0x0000000797600000,0x0000000797a09b98,0x0000000797b00000)
  to   space 5120K, 0% used [0x0000000799b80000,0x0000000799b80000,0x000000079a080000)
 ParOldGen       total 87552K, used 0K [0x0000000740000000, 0x0000000745580000, 0x0000000795580000)
  object space 87552K, 0% used [0x0000000740000000,0x0000000740000000,0x0000000745580000)
 Metaspace       used 10327K, capacity 10796K, committed 11008K, reserved 1058816K
  class space    used 1097K, capacity 1245K, committed 1280K, reserved 1048576K
Event: 3.112 GC heap after
Heap after GC invocations=2 (full 0):
 PSYoungGen      total 71680K, used 4813K [0x0000000795580000, 0x000000079a080000, 0x00000007c0000000)
  eden space 66560K, 0% used [0x0000000795580000,0x0000000795580000,0x0000000799680000)
  from space 5120K, 94% used [0x0000000799b80000,0x000000079a0337f8,0x000000079a080000)
  to   space 5120K, 0% used [0x0000000799680000,0x0000000799680000,0x0000000799b80000)
 ParOldGen       total 87552K, used 8K [0x0000000740000000, 0x0000000745580000, 0x0000000795580000)
  object space 87552K, 0% used [0x0000000740000000,0x0000000740002000,0x0000000745580000)
 Metaspace       used 10327K, capacity 10796K, committed 11008K, reserved 1058816K
  class space    used 1097K, capacity 1245K, committed 1280K, reserved 1048576K
}

Deoptimization events (10 events):
Event: 0.816 Thread 0x00007f84bc2df800 Uncommon trap: reason=unstable_if action=reinterpret pc=0x000000010dbe6060 method=java.lang.CharacterData.of(I)Ljava/lang/CharacterData; @ 4
Event: 0.819 Thread 0x00007f84bc2df800 Uncommon trap: reason=class_check action=maybe_recompile pc=0x000000010db05f74 method=java.lang.String.equals(Ljava/lang/Object;)Z @ 8
Event: 1.216 Thread 0x00007f84bc22e800 Uncommon trap: reason=unstable_if action=reinterpret pc=0x000000010de199b4 method=org.osgi.framework.Version.compareTo(Lorg/osgi/framework/Version;)I @ 50
Event: 1.237 Thread 0x00007f84bc22e800 Uncommon trap: reason=unstable_if action=reinterpret pc=0x000000010dcc1e54 method=org.apache.felix.framework.util.StringComparator.compare(Ljava/lang/String;Ljava/lang/String;)I @ 92
Event: 1.239 Thread 0x00007f84bc22e800 Uncommon trap: reason=unstable_if action=reinterpret pc=0x000000010dc4d850 method=org.apache.felix.framework.util.StringComparator.compare(Ljava/lang/String;Ljava/lang/String;)I @ 92
Event: 1.279 Thread 0x00007f84bc22e800 Uncommon trap: reason=unstable_if action=reinterpret pc=0x000000010dd8bdc0 method=java.lang.Class.searchMethods([Ljava/lang/reflect/Method;Ljava/lang/String;[Ljava/lang/Class;)Ljava/lang/reflect/Method; @ 43
Event: 1.314 Thread 0x00007f84bc22e800 Uncommon trap: reason=unstable_if action=reinterpret pc=0x000000010de0a020 method=java.io.UnixFileSystem.normalize(Ljava/lang/String;)Ljava/lang/String; @ 34
Event: 1.331 Thread 0x00007f84bc22e800 Uncommon trap: reason=unstable_if action=reinterpret pc=0x000000010ddf0700 method=java.lang.reflect.Method.invoke(Ljava/lang/Object;[Ljava/lang/Object;)Ljava/lang/Object; @ 4
Event: 3.435 Thread 0x00007f84bc22e800 Uncommon trap: reason=class_check action=maybe_recompile pc=0x000000010decf1f0 method=java.util.Collections$SetFromMap.<init>(Ljava/util/Map;)V @ 5
Event: 3.435 Thread 0x00007f84bc22e800 Uncommon trap: reason=bimorphic action=maybe_recompile pc=0x000000010dda6414 method=java.util.Collections$SetFromMap.add(Ljava/lang/Object;)Z @ 8

Classes redefined (0 events):
No events

Internal exceptions (10 events):
Event: 2.092 Thread 0x00007f84bc22e800 Exception <a 'java/security/PrivilegedActionException'> (0x00000007974e45b0) thrown at [/Users/ec2-user/workspace/Corretto8/macos/x64/build/Corretto8Src/installers/mac/tar/corretto-build/buildRoot/src/hotspot/src/share/vm/prims/jvm.cpp, line 1524]
Event: 2.826 Thread 0x00007f84bc22e800 Exception <a 'org/lwjgl/LWJGLException': Could not load OpenAL library> (0x0000000797560770) thrown at [/Users/ec2-user/workspace/Corretto8/macos/x64/build/Corretto8Src/installers/mac/tar/corretto-build/buildRoot/src/hotspot/src/share/vm/prims/jni.cpp, li
Event: 2.826 Thread 0x00007f84bc22e800 Exception <a 'org/lwjgl/LWJGLException': Could not load OpenAL library> (0x0000000797560f28) thrown at [/Users/ec2-user/workspace/Corretto8/macos/x64/build/Corretto8Src/installers/mac/tar/corretto-build/buildRoot/src/hotspot/src/share/vm/prims/jni.cpp, li
Event: 2.826 Thread 0x00007f84bc22e800 Exception <a 'org/lwjgl/LWJGLException': Could not load OpenAL library> (0x00000007975615f8) thrown at [/Users/ec2-user/workspace/Corretto8/macos/x64/build/Corretto8Src/installers/mac/tar/corretto-build/buildRoot/src/hotspot/src/share/vm/prims/jni.cpp, li
Event: 2.826 Thread 0x00007f84bc22e800 Exception <a 'org/lwjgl/LWJGLException': Could not load OpenAL library> (0x0000000797561d08) thrown at [/Users/ec2-user/workspace/Corretto8/macos/x64/build/Corretto8Src/installers/mac/tar/corretto-build/buildRoot/src/hotspot/src/share/vm/prims/jni.cpp, li
Event: 2.826 Thread 0x00007f84bc22e800 Exception <a 'org/lwjgl/LWJGLException': Could not load OpenAL library> (0x0000000797562410) thrown at [/Users/ec2-user/workspace/Corretto8/macos/x64/build/Corretto8Src/installers/mac/tar/corretto-build/buildRoot/src/hotspot/src/share/vm/prims/jni.cpp, li
Event: 2.827 Thread 0x00007f84bc22e800 Exception <a 'org/lwjgl/LWJGLException': Could not load OpenAL library> (0x0000000797562a88) thrown at [/Users/ec2-user/workspace/Corretto8/macos/x64/build/Corretto8Src/installers/mac/tar/corretto-build/buildRoot/src/hotspot/src/share/vm/prims/jni.cpp, li
Event: 2.828 Thread 0x00007f84bc22e800 Exception <a 'org/lwjgl/LWJGLException': Could not load OpenAL library> (0x00000007975630c0) thrown at [/Users/ec2-user/workspace/Corretto8/macos/x64/build/Corretto8Src/installers/mac/tar/corretto-build/buildRoot/src/hotspot/src/share/vm/prims/jni.cpp, li
Event: 2.828 Thread 0x00007f84bc22e800 Exception <a 'org/lwjgl/LWJGLException': Could not load OpenAL library> (0x00000007975638f8) thrown at [/Users/ec2-user/workspace/Corretto8/macos/x64/build/Corretto8Src/installers/mac/tar/corretto-build/buildRoot/src/hotspot/src/share/vm/prims/jni.cpp, li
Event: 3.155 Thread 0x00007f84bc22e800 Exception <a 'java/lang/NoClassDefFoundError': org/apache/felix/shell/Command> (0x0000000795605268) thrown at [/Users/ec2-user/workspace/Corretto8/macos/x64/build/Corretto8Src/installers/mac/tar/corretto-build/buildRoot/src/hotspot/src/share/vm/classfile/

Events (10 events):
Event: 3.438 loading class java/awt/image/BufferedImage
Event: 3.440 loading class sun/nio/ch/IOStatus
Event: 3.441 loading class sun/nio/ch/IOStatus done
Event: 3.441 loading class java/awt/image/WritableRenderedImage
Event: 3.442 loading class java/awt/image/RenderedImage
Event: 3.443 loading class java/awt/image/RenderedImage done
Event: 3.443 loading class java/awt/image/WritableRenderedImage done
Event: 3.443 loading class java/awt/Transparency
Event: 3.444 loading class java/awt/Transparency done
Event: 3.445 loading class java/awt/image/BufferedImage done


Dynamic libraries:
0x00007ff82a33a000 	/System/Library/Frameworks/Cocoa.framework/Versions/A/Cocoa
0x00007ff815a39000 	/System/Library/Frameworks/AppKit.framework/Versions/C/AppKit
0x00007ff818fa3000 	/System/Library/Frameworks/CoreData.framework/Versions/A/CoreData
0x00007ff813e45000 	/System/Library/Frameworks/Foundation.framework/Versions/C/Foundation
0x00007ff81e225000 	/usr/lib/libSystem.B.dylib
0x00007ff8168c7000 	/System/Library/PrivateFrameworks/UIFoundation.framework/Versions/A/UIFoundation
0x00007ff824244000 	/System/Library/PrivateFrameworks/RemoteViewServices.framework/Versions/A/RemoteViewServices
0x00007ff81c4e8000 	/System/Library/PrivateFrameworks/XCTTargetBootstrap.framework/Versions/A/XCTTargetBootstrap
0x00007ff8200ea000 	/System/Library/PrivateFrameworks/InternationalSupport.framework/Versions/A/InternationalSupport
0x00007ff820174000 	/System/Library/PrivateFrameworks/UserActivity.framework/Versions/A/UserActivity
0x00007ff81f4ce000 	/usr/lib/libspindump.dylib
0x00007ff816b55000 	/System/Library/Frameworks/UniformTypeIdentifiers.framework/Versions/A/UniformTypeIdentifiers
0x00007ff81ac11000 	/usr/lib/libapp_launch_measurement.dylib
0x00007ff819984000 	/System/Library/PrivateFrameworks/CoreAnalytics.framework/Versions/A/CoreAnalytics
0x00007ff81ac14000 	/System/Library/PrivateFrameworks/CoreAutoLayout.framework/Versions/A/CoreAutoLayout
0x00007ff81be42000 	/System/Library/Frameworks/Metal.framework/Versions/A/Metal
0x00007ff81cb6e000 	/usr/lib/liblangid.dylib
0x00007ff81c4ed000 	/System/Library/PrivateFrameworks/CoreSVG.framework/Versions/A/CoreSVG
0x00007ff817f3c000 	/System/Library/PrivateFrameworks/SkyLight.framework/Versions/A/SkyLight
0x00007ff8182da000 	/System/Library/Frameworks/CoreGraphics.framework/Versions/A/CoreGraphics
0x00007ff824904000 	/System/Library/Frameworks/Accelerate.framework/Versions/A/Accelerate
0x00007ff81ef4d000 	/System/Library/PrivateFrameworks/IconServices.framework/Versions/A/IconServices
0x00007ff81be27000 	/System/Library/Frameworks/IOSurface.framework/Versions/A/IOSurface
0x00007ff8199b2000 	/usr/lib/libDiagnosticMessagesClient.dylib
0x00007ff81e13f000 	/usr/lib/libz.1.dylib
0x00007ff827fe7000 	/System/Library/Frameworks/ApplicationServices.framework/Versions/A/ApplicationServices
0x00007ff81c4d4000 	/System/Library/PrivateFrameworks/DFRFoundation.framework/Versions/A/DFRFoundation
0x00007ff815321000 	/usr/lib/libicucore.A.dylib
0x00007ff820edf000 	/System/Library/Frameworks/AudioToolbox.framework/Versions/A/AudioToolbox
0x00007ff8200f6000 	/System/Library/PrivateFrameworks/DataDetectorsCore.framework/Versions/A/DataDetectorsCore
0x00007ff91c0c8000 	/System/Library/PrivateFrameworks/TextInput.framework/Versions/A/TextInput
0x00007ff817ebf000 	/usr/lib/libMobileGestalt.dylib
0x00007ff81c1e0000 	/System/Library/Frameworks/Carbon.framework/Versions/A/Frameworks/HIToolbox.framework/Versions/A/HIToolbox
0x00007ff81a617000 	/System/Library/Frameworks/QuartzCore.framework/Versions/A/QuartzCore
0x00007ff814fc8000 	/System/Library/Frameworks/Security.framework/Versions/A/Security
0x00007ff82427c000 	/System/Library/Frameworks/Carbon.framework/Versions/A/Frameworks/SpeechRecognition.framework/Versions/A/SpeechRecognition
0x00007ff81a971000 	/System/Library/PrivateFrameworks/CoreUI.framework/Versions/A/CoreUI
0x00007ff814894000 	/System/Library/Frameworks/CoreAudio.framework/Versions/A/CoreAudio
0x00007ff819aa1000 	/System/Library/Frameworks/DiskArbitration.framework/Versions/A/DiskArbitration
0x00007ff81f8ba000 	/System/Library/PrivateFrameworks/MultitouchSupport.framework/Versions/A/MultitouchSupport
0x00007ff817ebe000 	/usr/lib/libenergytrace.dylib
0x00007ff815925000 	/System/Library/Frameworks/IOKit.framework/Versions/A/IOKit
0x00007ff82466c000 	/System/Library/Frameworks/CoreServices.framework/Versions/A/CoreServices
0x00007ff81abab000 	/System/Library/PrivateFrameworks/PerformanceAnalysis.framework/Versions/A/PerformanceAnalysis
0x00007ffa2b4d4000 	/System/Library/Frameworks/OpenGL.framework/Versions/A/OpenGL
0x00007ff81d759000 	/System/Library/PrivateFrameworks/MobileKeyBag.framework/Versions/A/MobileKeyBag
0x00007ff812ee2000 	/usr/lib/libobjc.A.dylib
0x00007ff818a04000 	/System/Library/Frameworks/ColorSync.framework/Versions/A/ColorSync
0x00007ff81309c000 	/System/Library/Frameworks/CoreFoundation.framework/Versions/A/CoreFoundation
0x00007ff81c764000 	/System/Library/Frameworks/CoreImage.framework/Versions/A/CoreImage
0x00007ff8146ac000 	/System/Library/Frameworks/CoreText.framework/Versions/A/CoreText
0x00007ff81c51d000 	/System/Library/Frameworks/ImageIO.framework/Versions/A/ImageIO
0x00007ff81e22b000 	/System/Library/PrivateFrameworks/SoftLinking.framework/Versions/A/SoftLinking
0x00007ff81ac5c000 	/usr/lib/libxml2.2.dylib
0x00007ff812fa8000 	/usr/lib/libc++.1.dylib
0x00007ff81e4ac000 	/usr/lib/libcompression.dylib
0x00007ff82001d000 	/System/Library/PrivateFrameworks/TextureIO.framework/Versions/A/TextureIO
0x00007ff81ebc6000 	/usr/lib/libate.dylib
0x00007ff81e220000 	/usr/lib/system/libcache.dylib
0x00007ff81e1dc000 	/usr/lib/system/libcommonCrypto.dylib
0x00007ff81e205000 	/usr/lib/system/libcompiler_rt.dylib
0x00007ff81e1fb000 	/usr/lib/system/libcopyfile.dylib
0x00007ff812ddd000 	/usr/lib/system/libcorecrypto.dylib
0x00007ff812e9b000 	/usr/lib/system/libdispatch.dylib
0x00007ff81305b000 	/usr/lib/system/libdyld.dylib
0x00007ff81e217000 	/usr/lib/system/libkeymgr.dylib
0x00007ff81e1ba000 	/usr/lib/system/libmacho.dylib
0x00007ff81d833000 	/usr/lib/system/libquarantine.dylib
0x00007ff81e215000 	/usr/lib/system/libremovefile.dylib
0x00007ff817f0c000 	/usr/lib/system/libsystem_asl.dylib
0x00007ff812d86000 	/usr/lib/system/libsystem_blocks.dylib
0x00007ff812f1f000 	/usr/lib/system/libsystem_c.dylib
0x00007ff81e20d000 	/usr/lib/system/libsystem_collections.dylib
0x00007ff81cb5e000 	/usr/lib/system/libsystem_configuration.dylib
0x00007ff81be0a000 	/usr/lib/system/libsystem_containermanager.dylib
0x00007ff81deed000 	/usr/lib/system/libsystem_coreservices.dylib
0x00007ff8155b5000 	/usr/lib/system/libsystem_darwin.dylib
0x00007ff81e218000 	/usr/lib/system/libsystem_dnssd.dylib
0x00007ff812f1c000 	/usr/lib/system/libsystem_featureflags.dylib
0x00007ff813071000 	/usr/lib/system/libsystem_info.dylib
0x00007ff81e152000 	/usr/lib/system/libsystem_m.dylib
0x00007ff812e6f000 	/usr/lib/system/libsystem_malloc.dylib
0x00007ff817ea7000 	/usr/lib/system/libsystem_networkextension.dylib
0x00007ff8159db000 	/usr/lib/system/libsystem_notify.dylib
0x00007ff824541000 	/usr/lib/system/libsystem_product_info_filter.dylib
0x00007ff81cb62000 	/usr/lib/system/libsystem_sandbox.dylib
0x00007ff81e212000 	/usr/lib/system/libsystem_secinit.dylib
0x00007ff813017000 	/usr/lib/system/libsystem_kernel.dylib
0x00007ff813067000 	/usr/lib/system/libsystem_platform.dylib
0x00007ff81304f000 	/usr/lib/system/libsystem_pthread.dylib
0x00007ff8197c4000 	/usr/lib/system/libsystem_symptoms.dylib
0x00007ff812dc4000 	/usr/lib/system/libsystem_trace.dylib
0x00007ff81e1e8000 	/usr/lib/system/libunwind.dylib
0x00007ff812d88000 	/usr/lib/system/libxpc.dylib
0x00007ff813001000 	/usr/lib/libc++abi.dylib
0x00007ff81e1f3000 	/usr/lib/liboah.dylib
0x00007ff81e984000 	/usr/lib/liblzma.5.dylib
0x00007ff813b58000 	/System/Library/Frameworks/SystemConfiguration.framework/Versions/A/SystemConfiguration
0x00007ff81e227000 	/usr/lib/libfakelink.dylib
0x00007ff817a18000 	/System/Library/Frameworks/CFNetwork.framework/Versions/A/CFNetwork
0x00007ff81e368000 	/usr/lib/libarchive.2.dylib
0x00007ff81cb6a000 	/System/Library/PrivateFrameworks/AppleSystemInfo.framework/Versions/A/AppleSystemInfo
0x00007ff81d85a000 	/usr/lib/libbsm.0.dylib
0x00007ff81702b000 	/usr/lib/libnetwork.dylib
0x00007ff81e1c0000 	/usr/lib/system/libkxld.dylib
0x00007ff81d486000 	/System/Library/PrivateFrameworks/IOMobileFramebuffer.framework/Versions/A/IOMobileFramebuffer
0x00007ffb2abbd000 	/usr/lib/libCoreEntitlements.dylib
0x00007ff81decf000 	/System/Library/PrivateFrameworks/AppleFSCompression.framework/Versions/A/AppleFSCompression
0x00007ff81d842000 	/usr/lib/libcoretls.dylib
0x00007ff81e99e000 	/usr/lib/libcoretls_cfhelpers.dylib
0x00007ff81e4a7000 	/usr/lib/libpam.2.dylib
0x00007ff8193e7000 	/usr/lib/libsqlite3.dylib
0x00007ff81ea0d000 	/usr/lib/libxar.1.dylib
0x00007ff81dedf000 	/usr/lib/libbz2.1.0.dylib
0x00007ff81e22c000 	/usr/lib/libpcap.A.dylib
0x00007ff8197bc000 	/usr/lib/libdns_services.dylib
0x00007ff81e47a000 	/usr/lib/libapple_nghttp2.dylib
0x00007ff81e266000 	/usr/lib/libiconv.2.dylib
0x00007ff81e1b9000 	/usr/lib/libcharset.1.dylib
0x00007ff81abdf000 	/System/Library/Frameworks/CoreServices.framework/Versions/A/Frameworks/FSEvents.framework/Versions/A/FSEvents
0x00007ff8155bf000 	/System/Library/Frameworks/CoreServices.framework/Versions/A/Frameworks/CarbonCore.framework/Versions/A/CarbonCore
0x00007ff819a05000 	/System/Library/Frameworks/CoreServices.framework/Versions/A/Frameworks/Metadata.framework/Versions/A/Metadata
0x00007ff81def2000 	/System/Library/Frameworks/CoreServices.framework/Versions/A/Frameworks/OSServices.framework/Versions/A/OSServices
0x00007ff81e3ef000 	/System/Library/Frameworks/CoreServices.framework/Versions/A/Frameworks/SearchKit.framework/Versions/A/SearchKit
0x00007ff81974f000 	/System/Library/Frameworks/CoreServices.framework/Versions/A/Frameworks/AE.framework/Versions/A/AE
0x00007ff81359d000 	/System/Library/Frameworks/CoreServices.framework/Versions/A/Frameworks/LaunchServices.framework/Versions/A/LaunchServices
0x00007ff81e935000 	/System/Library/Frameworks/CoreServices.framework/Versions/A/Frameworks/DictionaryServices.framework/Versions/A/DictionaryServices
0x00007ff81abec000 	/System/Library/Frameworks/CoreServices.framework/Versions/A/Frameworks/SharedFileList.framework/Versions/A/SharedFileList
0x00007ff81d836000 	/usr/lib/libCheckFix.dylib
0x00007ff817f23000 	/System/Library/PrivateFrameworks/TCC.framework/Versions/A/TCC
0x00007ff81cb70000 	/System/Library/PrivateFrameworks/CoreNLP.framework/Versions/A/CoreNLP
0x00007ff8199b5000 	/System/Library/PrivateFrameworks/MetadataUtilities.framework/Versions/A/MetadataUtilities
0x00007ff813c08000 	/usr/lib/libmecabra.dylib
0x00007ff81d86a000 	/usr/lib/libmecab.dylib
0x00007ff813bd3000 	/usr/lib/libCRFSuite.dylib
0x00007ff81d8c4000 	/usr/lib/libgermantok.dylib
0x00007ff81e455000 	/usr/lib/libThaiTokenizer.dylib
0x00007ff819aa8000 	/System/Library/Frameworks/Accelerate.framework/Versions/A/Frameworks/vImage.framework/Versions/A/vImage
0x00007ff824643000 	/System/Library/Frameworks/Accelerate.framework/Versions/A/Frameworks/vecLib.framework/Versions/A/vecLib
0x00007ff81ea4e000 	/System/Library/Frameworks/Accelerate.framework/Versions/A/Frameworks/vecLib.framework/Versions/A/libvMisc.dylib
0x00007ff81d285000 	/System/Library/Frameworks/Accelerate.framework/Versions/A/Frameworks/vecLib.framework/Versions/A/libvDSP.dylib
0x00007ff813917000 	/System/Library/Frameworks/Accelerate.framework/Versions/A/Frameworks/vecLib.framework/Versions/A/libBLAS.dylib
0x00007ff81e58a000 	/System/Library/Frameworks/Accelerate.framework/Versions/A/Frameworks/vecLib.framework/Versions/A/libLAPACK.dylib
0x00007ff81d8c7000 	/System/Library/Frameworks/Accelerate.framework/Versions/A/Frameworks/vecLib.framework/Versions/A/libLinearAlgebra.dylib
0x00007ff81e492000 	/System/Library/Frameworks/Accelerate.framework/Versions/A/Frameworks/vecLib.framework/Versions/A/libSparseBLAS.dylib
0x00007ff81e584000 	/System/Library/Frameworks/Accelerate.framework/Versions/A/Frameworks/vecLib.framework/Versions/A/libQuadrature.dylib
0x00007ff81cc5b000 	/System/Library/Frameworks/Accelerate.framework/Versions/A/Frameworks/vecLib.framework/Versions/A/libBNNS.dylib
0x00007ff813ae9000 	/System/Library/Frameworks/Accelerate.framework/Versions/A/Frameworks/vecLib.framework/Versions/A/libSparse.dylib
0x00007ff81cc54000 	/System/Library/PrivateFrameworks/LinguisticData.framework/Versions/A/LinguisticData
0x00007ff813a9f000 	/System/Library/PrivateFrameworks/Lexicon.framework/Versions/A/Lexicon
0x00007ff81ea47000 	/usr/lib/libChineseTokenizer.dylib
0x00007ff814201000 	/System/Library/PrivateFrameworks/LanguageModeling.framework/Versions/A/LanguageModeling
0x00007ff81e457000 	/System/Library/PrivateFrameworks/AppleSauce.framework/Versions/A/AppleSauce
0x00007ff81d474000 	/System/Library/PrivateFrameworks/CoreEmoji.framework/Versions/A/CoreEmoji
0x00007ff81e357000 	/usr/lib/libcmph.dylib
0x00007ff81abc3000 	/System/Library/Frameworks/OpenDirectory.framework/Versions/A/Frameworks/CFOpenDirectory.framework/Versions/A/CFOpenDirectory
0x00007ff81abb7000 	/System/Library/Frameworks/OpenDirectory.framework/Versions/A/OpenDirectory
0x00007ff81e9a0000 	/System/Library/PrivateFrameworks/APFS.framework/Versions/A/APFS
0x00007ff81d791000 	/System/Library/Frameworks/SecurityFoundation.framework/Versions/A/SecurityFoundation
0x00007ff81ea1b000 	/usr/lib/libutil.dylib
0x00007ff8158e9000 	/System/Library/PrivateFrameworks/CoreServicesStore.framework/Versions/A/CoreServicesStore
0x00007ff81ea1f000 	/usr/lib/libxslt.1.dylib
0x00007ff81d81e000 	/System/Library/PrivateFrameworks/BackgroundTaskManagement.framework/Versions/A/BackgroundTaskManagement
0x00007ff81ff3e000 	/System/Library/Frameworks/ImageIO.framework/Versions/A/Resources/libRadiance.dylib
0x00007ff81ff47000 	/System/Library/Frameworks/ImageIO.framework/Versions/A/Resources/libJPEG.dylib
0x00007ff81fe99000 	/System/Library/Frameworks/ImageIO.framework/Versions/A/Resources/libPng.dylib
0x00007ff81feba000 	/System/Library/Frameworks/ImageIO.framework/Versions/A/Resources/libTIFF.dylib
0x00007ff81ffa6000 	/System/Library/Frameworks/ImageIO.framework/Versions/A/Resources/libGIF.dylib
0x00007ff81f7d6000 	/System/Library/Frameworks/ImageIO.framework/Versions/A/Resources/libJP2.dylib
0x00007ff81ef14000 	/usr/lib/libexpat.1.dylib
0x00007ff81f78b000 	/System/Library/PrivateFrameworks/AppleJPEG.framework/Versions/A/AppleJPEG
0x00007ff81c0a4000 	/System/Library/PrivateFrameworks/FontServices.framework/libFontParser.dylib
0x00007ff8196f9000 	/System/Library/PrivateFrameworks/RunningBoardServices.framework/Versions/A/RunningBoardServices
0x00007ff82a8f2000 	/System/Library/PrivateFrameworks/IOSurfaceAccelerator.framework/Versions/A/IOSurfaceAccelerator
0x00007ff81f8b6000 	/System/Library/PrivateFrameworks/WatchdogClient.framework/Versions/A/WatchdogClient
0x00007ff8142ef000 	/System/Library/Frameworks/CoreDisplay.framework/Versions/A/CoreDisplay
0x00007ff81bfa2000 	/System/Library/Frameworks/CoreMedia.framework/Versions/A/CoreMedia
0x00007ff81be39000 	/System/Library/PrivateFrameworks/IOAccelerator.framework/Versions/A/IOAccelerator
0x00007ff81ad40000 	/System/Library/Frameworks/CoreVideo.framework/Versions/A/CoreVideo
0x00007ff81e4a5000 	/System/Library/Frameworks/MetalPerformanceShaders.framework/Versions/A/MetalPerformanceShaders
0x00007ff81f8f3000 	/System/Library/Frameworks/VideoToolbox.framework/Versions/A/VideoToolbox
0x00007ff819643000 	/System/Library/PrivateFrameworks/BaseBoard.framework/Versions/A/BaseBoard
0x00007ff8193cd000 	/System/Library/PrivateFrameworks/ProtocolBuffer.framework/Versions/A/ProtocolBuffer
0x00007ff81ff37000 	/System/Library/PrivateFrameworks/GPUWrangler.framework/Versions/A/GPUWrangler
0x00007ff81ff1b000 	/System/Library/PrivateFrameworks/IOPresentment.framework/Versions/A/IOPresentment
0x00007ff81ff41000 	/System/Library/PrivateFrameworks/DSExternalDisplay.framework/Versions/A/DSExternalDisplay
0x00007ffa2b4c8000 	/System/Library/Frameworks/OpenGL.framework/Versions/A/Libraries/libCoreFSCache.dylib
0x00007ffb18366000 	/System/Library/PrivateFrameworks/GPUCompiler.framework/Versions/31001/Libraries/libGPUCompilerUtils.dylib
0x00007ff81ffab000 	/System/Library/PrivateFrameworks/CMCaptureCore.framework/Versions/A/CMCaptureCore
0x00007ff81f4bc000 	/System/Library/PrivateFrameworks/AppServerSupport.framework/Versions/A/AppServerSupport
0x00007ff821777000 	/System/Library/PrivateFrameworks/perfdata.framework/Versions/A/perfdata
0x00007ff81441b000 	/System/Library/PrivateFrameworks/AudioToolboxCore.framework/Versions/A/AudioToolboxCore
0x00007ff81bf80000 	/System/Library/PrivateFrameworks/caulk.framework/Versions/A/caulk
0x00007ff821089000 	/usr/lib/libAudioStatistics.dylib
0x00007ff918876000 	/System/Library/PrivateFrameworks/SystemPolicy.framework/Versions/A/SystemPolicy
0x00007ff8212e4000 	/usr/lib/libSMC.dylib
0x00007ff82a1ed000 	/System/Library/Frameworks/CoreMIDI.framework/Versions/A/CoreMIDI
0x00007ff81fe68000 	/usr/lib/libAudioToolboxUtility.dylib
0x00007ff914b19000 	/System/Library/PrivateFrameworks/OSAServicesClient.framework/Versions/A/OSAServicesClient
0x00007ff821784000 	/usr/lib/libperfcheck.dylib
0x00007ff919320000 	/usr/lib/libmis.dylib
0x00007ffa2b523000 	/System/Library/Frameworks/OpenGL.framework/Versions/A/Libraries/libGLU.dylib
0x00007ffa2b4e7000 	/System/Library/Frameworks/OpenGL.framework/Versions/A/Libraries/libGFXShared.dylib
0x00007ffa2b6f0000 	/System/Library/Frameworks/OpenGL.framework/Versions/A/Libraries/libGL.dylib
0x00007ffa2b4f0000 	/System/Library/Frameworks/OpenGL.framework/Versions/A/Libraries/libGLImage.dylib
0x00007ffa2b4e4000 	/System/Library/Frameworks/OpenGL.framework/Versions/A/Libraries/libCVMSPluginSupport.dylib
0x00007ffa2b4cf000 	/System/Library/Frameworks/OpenGL.framework/Versions/A/Libraries/libCoreVMClient.dylib
0x00007ff81caec000 	/System/Library/Frameworks/MetalPerformanceShaders.framework/Versions/A/Frameworks/MPSCore.framework/Versions/A/MPSCore
0x00007ff81de3a000 	/System/Library/Frameworks/MetalPerformanceShaders.framework/Versions/A/Frameworks/MPSImage.framework/Versions/A/MPSImage
0x00007ff81d8dd000 	/System/Library/Frameworks/MetalPerformanceShaders.framework/Versions/A/Frameworks/MPSNeuralNetwork.framework/Versions/A/MPSNeuralNetwork
0x00007ff81dd51000 	/System/Library/Frameworks/MetalPerformanceShaders.framework/Versions/A/Frameworks/MPSMatrix.framework/Versions/A/MPSMatrix
0x00007ff81db0c000 	/System/Library/Frameworks/MetalPerformanceShaders.framework/Versions/A/Frameworks/MPSRayIntersector.framework/Versions/A/MPSRayIntersector
0x00007ff81dd89000 	/System/Library/Frameworks/MetalPerformanceShaders.framework/Versions/A/Frameworks/MPSNDArray.framework/Versions/A/MPSNDArray
0x00007ffa30450000 	/System/Library/Frameworks/MetalPerformanceShaders.framework/Versions/A/Frameworks/MPSFunctions.framework/Versions/A/MPSFunctions
0x00007ff8137f4000 	/System/Library/PrivateFrameworks/MetalTools.framework/Versions/A/MetalTools
0x00007ff81cb68000 	/System/Library/PrivateFrameworks/AggregateDictionary.framework/Versions/A/AggregateDictionary
0x00007ff81ecf6000 	/usr/lib/libIOReport.dylib
0x00007ffa2caff000 	/System/Library/Frameworks/OpenCL.framework/Versions/A/OpenCL
0x00007ff81f05a000 	/System/Library/PrivateFrameworks/FaceCore.framework/Versions/A/FaceCore
0x00007ff81f04b000 	/System/Library/PrivateFrameworks/GraphVisualizer.framework/Versions/A/GraphVisualizer
0x00007ffb18271000 	/System/Library/PrivateFrameworks/FontServices.framework/Versions/A/FontServices
0x00007ff81f474000 	/System/Library/PrivateFrameworks/OTSVG.framework/Versions/A/OTSVG
0x00007ff81a927000 	/System/Library/Frameworks/ApplicationServices.framework/Versions/A/Frameworks/ATS.framework/Versions/A/Resources/libFontRegistry.dylib
0x00007ff81f4c4000 	/System/Library/PrivateFrameworks/FontServices.framework/libhvf.dylib
0x00007ffb18272000 	/System/Library/PrivateFrameworks/FontServices.framework/libXTFontStaticRegistryData.dylib
0x00007ff81eec4000 	/System/Library/PrivateFrameworks/AppleVA.framework/Versions/A/AppleVA
0x00007ff8210a9000 	/System/Library/Frameworks/ApplicationServices.framework/Versions/A/Frameworks/ATS.framework/Versions/A/ATS
0x00007ff818b00000 	/System/Library/Frameworks/ApplicationServices.framework/Versions/A/Frameworks/HIServices.framework/Versions/A/HIServices
0x00007ff81ffb5000 	/System/Library/Frameworks/ApplicationServices.framework/Versions/A/Frameworks/PrintCore.framework/Versions/A/PrintCore
0x00007ff821437000 	/System/Library/Frameworks/ApplicationServices.framework/Versions/A/Frameworks/QD.framework/Versions/A/QD
0x00007ff82142f000 	/System/Library/Frameworks/ApplicationServices.framework/Versions/A/Frameworks/ColorSyncLegacy.framework/Versions/A/ColorSyncLegacy
0x00007ff821099000 	/System/Library/Frameworks/ApplicationServices.framework/Versions/A/Frameworks/SpeechSynthesis.framework/Versions/A/SpeechSynthesis
0x00007ff81ff76000 	/System/Library/Frameworks/ApplicationServices.framework/Versions/A/Frameworks/ATSUI.framework/Versions/A/ATSUI
0x00007ff8213c4000 	/usr/lib/libcups.2.dylib
0x00007ff821793000 	/System/Library/Frameworks/Kerberos.framework/Versions/A/Kerberos
0x00007ff8217a2000 	/System/Library/Frameworks/GSS.framework/Versions/A/GSS
0x00007ff821115000 	/usr/lib/libresolv.9.dylib
0x00007ff81f4d3000 	/System/Library/PrivateFrameworks/Heimdal.framework/Versions/A/Heimdal
0x00007ff82836f000 	/System/Library/Frameworks/Kerberos.framework/Versions/A/Libraries/libHeimdalProxy.dylib
0x00007ff8197cc000 	/System/Library/Frameworks/Network.framework/Versions/A/Network
0x00007ff81ef2e000 	/usr/lib/libheimdal-asn1.dylib
0x00007ff8217ed000 	/System/Library/PrivateFrameworks/CommonAuth.framework/Versions/A/CommonAuth
0x00007ff82101b000 	/System/Library/PrivateFrameworks/AudioSession.framework/Versions/A/AudioSession
0x00007ff81efbe000 	/System/Library/PrivateFrameworks/MediaExperience.framework/Versions/A/MediaExperience
0x00007ff820eae000 	/System/Library/PrivateFrameworks/AudioSession.framework/libSessionUtility.dylib
0x00007ff821443000 	/System/Library/PrivateFrameworks/AudioResourceArbitration.framework/Versions/A/AudioResourceArbitration
0x00007ff8254b6000 	/System/Library/PrivateFrameworks/PowerLog.framework/Versions/A/PowerLog
0x00007ff81ef37000 	/System/Library/PrivateFrameworks/IconFoundation.framework/Versions/A/IconFoundation
0x00007ff82426c000 	/System/Library/PrivateFrameworks/SpeechRecognitionCore.framework/Versions/A/SpeechRecognitionCore
0x000000010bbfa000 	/Users/annecathrinekirkegaard/Library/Java/JavaVirtualMachines/corretto-1.8.0_322/Contents/Home/jre/lib/server/libjvm.dylib
0x000000010ae44000 	/Users/annecathrinekirkegaard/Library/Java/JavaVirtualMachines/corretto-1.8.0_322/Contents/Home/jre/lib/libverify.dylib
0x000000010aeb6000 	/Users/annecathrinekirkegaard/Library/Java/JavaVirtualMachines/corretto-1.8.0_322/Contents/Home/jre/lib/libjava.dylib
0x000000010af9d000 	/Users/annecathrinekirkegaard/Library/Java/JavaVirtualMachines/corretto-1.8.0_322/Contents/Home/jre/lib/libjdwp.dylib
0x000000010ae6c000 	/Users/annecathrinekirkegaard/Library/Java/JavaVirtualMachines/corretto-1.8.0_322/Contents/Home/jre/lib/libnpt.dylib
0x000000010b052000 	/Users/annecathrinekirkegaard/Library/Java/JavaVirtualMachines/corretto-1.8.0_322/Contents/Home/jre/lib/libzip.dylib
0x000000010bbdd000 	/Users/annecathrinekirkegaard/Library/Java/JavaVirtualMachines/corretto-1.8.0_322/Contents/Home/jre/lib/libdt_socket.dylib
0x000000012362d000 	/Users/annecathrinekirkegaard/Library/Java/JavaVirtualMachines/corretto-1.8.0_322/Contents/Home/jre/lib/libnio.dylib
0x000000012368f000 	/Users/annecathrinekirkegaard/Library/Java/JavaVirtualMachines/corretto-1.8.0_322/Contents/Home/jre/lib/libnet.dylib
0x0000000123fc2000 	/private/var/folders/4y/kyryk4nd2658tjn17yx9dnrc0000gn/T/libgdxannecathrinekirkegaard/d2edc82d/libgdx64.dylib
0x00007ffb2b665000 	/usr/lib/libstdc++.6.dylib
0x00000001240fd000 	/Users/annecathrinekirkegaard/Library/Java/JavaVirtualMachines/corretto-1.8.0_322/Contents/Home/jre/lib/libawt.dylib
0x0000000124336000 	/Users/annecathrinekirkegaard/Library/Java/JavaVirtualMachines/corretto-1.8.0_322/Contents/Home/jre/lib/libmlib_image.dylib
0x00007ffa303ad000 	/System/Library/Frameworks/JavaNativeFoundation.framework/Versions/A/JavaNativeFoundation
0x00007ffa303b9000 	/System/Library/Frameworks/JavaRuntimeSupport.framework/Versions/A/JavaRuntimeSupport
0x00007ff91839b000 	/System/Library/Frameworks/Carbon.framework/Versions/A/Carbon
0x00007ff826733000 	/System/Library/PrivateFrameworks/CoreSymbolication.framework/Versions/A/CoreSymbolication
0x00007ff82bc80000 	/System/Library/Frameworks/Carbon.framework/Versions/A/Frameworks/CommonPanels.framework/Versions/A/CommonPanels
0x00007ff827d67000 	/System/Library/Frameworks/Carbon.framework/Versions/A/Frameworks/Help.framework/Versions/A/Help
0x00007ff82bc84000 	/System/Library/Frameworks/Carbon.framework/Versions/A/Frameworks/ImageCapture.framework/Versions/A/ImageCapture
0x00007ff82bc54000 	/System/Library/Frameworks/Carbon.framework/Versions/A/Frameworks/OpenScripting.framework/Versions/A/OpenScripting
0x00007ff82bc7c000 	/System/Library/Frameworks/Carbon.framework/Versions/A/Frameworks/Ink.framework/Versions/A/Ink
0x00007ff918397000 	/System/Library/Frameworks/Carbon.framework/Versions/A/Frameworks/Print.framework/Versions/A/Print
0x00007ff82bc78000 	/System/Library/Frameworks/Carbon.framework/Versions/A/Frameworks/SecurityHI.framework/Versions/A/SecurityHI
0x00007ff8266f8000 	/System/Library/PrivateFrameworks/DebugSymbols.framework/Versions/A/DebugSymbols
0x00000001245cd000 	/Users/annecathrinekirkegaard/Library/Java/JavaVirtualMachines/corretto-1.8.0_322/Contents/Home/jre/lib/libawt_lwawt.dylib
0x000000012408a000 	/Users/annecathrinekirkegaard/Library/Java/JavaVirtualMachines/corretto-1.8.0_322/Contents/Home/jre/lib/libosxapp.dylib
0x00007ff917785000 	/System/Library/Frameworks/ExceptionHandling.framework/Versions/A/ExceptionHandling
0x00007ff8158ab000 	/System/Library/PrivateFrameworks/CoreServicesInternal.framework/Versions/A/CoreServicesInternal
0x00007ff825aa7000 	/System/Library/Frameworks/FileProvider.framework/Versions/A/FileProvider
0x00007ff8195b0000 	/System/Library/Frameworks/Accounts.framework/Versions/A/Accounts
0x00007ff825c20000 	/System/Library/PrivateFrameworks/GenerationalStorage.framework/Versions/A/GenerationalStorage
0x00007ff8254ab000 	/System/Library/PrivateFrameworks/SymptomDiagnosticReporter.framework/Versions/A/SymptomDiagnosticReporter
0x00007ff816b69000 	/System/Library/PrivateFrameworks/DesktopServicesPriv.framework/Versions/A/DesktopServicesPriv
0x00007ff8159ea000 	/usr/lib/libsandbox.1.dylib
0x00007ff81adbf000 	/System/Library/PrivateFrameworks/UserManagement.framework/Versions/A/UserManagement
0x00007ff821424000 	/System/Library/PrivateFrameworks/NetAuth.framework/Versions/A/NetAuth
0x00007ff822331000 	/System/Library/PrivateFrameworks/Sharing.framework/Versions/A/Sharing
0x00007ff81ad92000 	/System/Library/PrivateFrameworks/login.framework/Versions/A/Frameworks/loginsupport.framework/Versions/A/loginsupport
0x00007ff827896000 	/System/Library/PrivateFrameworks/Apple80211.framework/Versions/A/Apple80211
0x00007ff81df1f000 	/System/Library/PrivateFrameworks/AuthKit.framework/Versions/A/AuthKit
0x00007ff81d56a000 	/System/Library/PrivateFrameworks/CoreUtils.framework/Versions/A/CoreUtils
0x00007ff81d491000 	/System/Library/Frameworks/CoreWLAN.framework/Versions/A/CoreWLAN
0x00007ff822490000 	/System/Library/Frameworks/IOBluetooth.framework/Versions/A/IOBluetooth
0x00007ff8278fe000 	/System/Library/PrivateFrameworks/CoreWiFi.framework/Versions/A/CoreWiFi
0x00007ff8262ca000 	/System/Library/PrivateFrameworks/FrontBoardServices.framework/Versions/A/FrontBoardServices
0x00007ff82635b000 	/System/Library/PrivateFrameworks/BoardServices.framework/Versions/A/BoardServices
0x00007ff81d780000 	/System/Library/PrivateFrameworks/AssertionServices.framework/Versions/A/AssertionServices
0x00007ff827a81000 	/System/Library/PrivateFrameworks/BackBoardServices.framework/Versions/A/BackBoardServices
0x00007ff82187e000 	/System/Library/PrivateFrameworks/CorePhoneNumbers.framework/Versions/A/CorePhoneNumbers
0x00007ff8255c8000 	/System/Library/PrivateFrameworks/DiskManagement.framework/Versions/A/DiskManagement
0x00007ff8254dc000 	/System/Library/PrivateFrameworks/AppleIDAuthSupport.framework/Versions/A/AppleIDAuthSupport
0x00007ffa32a11000 	/System/Library/PrivateFrameworks/AAAFoundation.framework/Versions/A/AAAFoundation
0x00007ff82185f000 	/System/Library/PrivateFrameworks/KeychainCircle.framework/Versions/A/KeychainCircle
0x00007ff825594000 	/System/Library/PrivateFrameworks/MediaKit.framework/Versions/A/MediaKit
0x00007ff8254e8000 	/System/Library/Frameworks/DiscRecording.framework/Versions/A/DiscRecording
0x00007ff81ee3c000 	/usr/lib/libCoreStorage.dylib
0x00007ff827d6f000 	/usr/lib/libcsfde.dylib
0x00007ff82255d000 	/System/Library/PrivateFrameworks/ProtectedCloudStorage.framework/Versions/A/ProtectedCloudStorage
0x00007ff827d6b000 	/System/Library/PrivateFrameworks/EFILogin.framework/Versions/A/EFILogin
0x00007ff825c46000 	/System/Library/PrivateFrameworks/OctagonTrust.framework/Versions/A/OctagonTrust
0x00007ffb174e0000 	/System/Library/PrivateFrameworks/CoreUtilsExtras.framework/Versions/A/CoreUtilsExtras
0x00007ff82540f000 	/System/Library/Frameworks/CoreBluetooth.framework/Versions/A/CoreBluetooth
0x00007ff8283f4000 	/System/Library/Frameworks/AudioUnit.framework/Versions/A/AudioUnit
0x00007ff81ee34000 	/usr/lib/libMatch.1.dylib
0x00007ff9200c6000 	/System/Library/CoreServices/RawCamera.bundle/Contents/MacOS/RawCamera
0x00007ff8217fd000 	/System/Library/PrivateFrameworks/MobileAsset.framework/Versions/A/MobileAsset
0x00007ff82841b000 	/System/Library/PrivateFrameworks/StreamingZip.framework/Versions/A/StreamingZip
0x00007ffb147da000 	/System/Library/PrivateFrameworks/CMPhoto.framework/Versions/A/CMPhoto
0x00007ff8265ce000 	/System/Library/PrivateFrameworks/AppleVPA.framework/Versions/A/AppleVPA
0x00007ff8201df000 	/System/Library/Frameworks/MediaToolbox.framework/Versions/A/MediaToolbox
0x00007ff825a77000 	/System/Library/PrivateFrameworks/CoreAVCHD.framework/Versions/A/CoreAVCHD
0x00007ff82494c000 	/System/Library/Frameworks/MediaAccessibility.framework/Versions/A/MediaAccessibility
0x00007ff825a73000 	/System/Library/PrivateFrameworks/Mangrove.framework/Versions/A/Mangrove
0x00007ff824957000 	/System/Library/PrivateFrameworks/AlgosScoreFramework.framework/Versions/A/AlgosScoreFramework
0x00007ff8256b8000 	/System/Library/PrivateFrameworks/CoreAUC.framework/Versions/A/CoreAUC
0x00007ff91d8f9000 	/System/Library/Frameworks/Accelerate.framework/Versions/A/Frameworks/vImage.framework/Versions/A/Libraries/libCGInterfaces.dylib
0x000000012ae36000 	/usr/lib/libobjc-trampolines.dylib
0x00007ff81aab7000 	/System/Library/PrivateFrameworks/ViewBridge.framework/Versions/A/ViewBridge
0x00007ff81f58a000 	/System/Library/PrivateFrameworks/login.framework/Versions/A/login
0x000000012c9a3000 	/Users/annecathrinekirkegaard/Library/Java/JavaVirtualMachines/corretto-1.8.0_322/Contents/Home/jre/lib/libfontmanager.dylib
0x000000012cb69000 	/Users/annecathrinekirkegaard/Library/Java/JavaVirtualMachines/corretto-1.8.0_322/Contents/Home/jre/lib/libfreetype.dylib.6
0x000000012ce14000 	/private/var/folders/4y/kyryk4nd2658tjn17yx9dnrc0000gn/T/libgdxannecathrinekirkegaard/45614fc1/liblwjgl.dylib
0x000000012c920000 	/Users/annecathrinekirkegaard/Library/Java/JavaVirtualMachines/corretto-1.8.0_322/Contents/Home/jre/lib/libjawt.dylib
0x000000012cd2a000 	/private/var/folders/4y/kyryk4nd2658tjn17yx9dnrc0000gn/T/libgdxannecathrinekirkegaard/45614fc1/openal.dylib
0x000000012d1f6000 	/System/Library/Components/CoreAudio.component/Contents/MacOS/CoreAudio
0x00007ffa31635000 	/System/Library/Frameworks/OpenAL.framework/Versions/A/OpenAL
0x000000012e84e000 	/System/Library/Components/AudioDSP.component/Contents/MacOS/AudioDSP
0x00007ff91868e000 	/System/Library/Frameworks/AVFoundation.framework/Versions/A/AVFoundation
0x00007ffa2f383000 	/System/Library/Frameworks/AVFAudio.framework/Versions/A/AVFAudio
0x00007ff8260da000 	/System/Library/PrivateFrameworks/AVFCore.framework/Versions/A/AVFCore
0x00007ff82d182000 	/System/Library/PrivateFrameworks/AVFCapture.framework/Versions/A/AVFCapture
0x00007ff917423000 	/System/Library/PrivateFrameworks/AirPlaySync.framework/Versions/A/AirPlaySync
0x00007ffb147c3000 	/System/Library/PrivateFrameworks/CMImaging.framework/Versions/A/CMImaging
0x00007ff82d2d4000 	/System/Library/PrivateFrameworks/Quagga.framework/Versions/A/Quagga
0x00007ff912d86000 	/System/Library/PrivateFrameworks/CMCapture.framework/Versions/A/CMCapture
0x00007ff821204000 	/System/Library/Frameworks/CoreMediaIO.framework/Versions/A/CoreMediaIO
0x00007ff82851c000 	/System/Library/PrivateFrameworks/Espresso.framework/Versions/A/Espresso
0x00007ff827df1000 	/System/Library/PrivateFrameworks/AppSupport.framework/Versions/A/AppSupport
0x00007ffa1e13c000 	/System/Library/PrivateFrameworks/ANECompiler.framework/Versions/A/ANECompiler
0x00007ff82a16d000 	/System/Library/PrivateFrameworks/AppleNeuralEngine.framework/Versions/A/AppleNeuralEngine
0x00007ffb1ad4f000 	/System/Library/PrivateFrameworks/MIL.framework/Versions/A/MIL
0x00007ffa30463000 	/System/Library/Frameworks/MetalPerformanceShadersGraph.framework/Versions/A/MetalPerformanceShadersGraph
0x00007ff8290bc000 	/System/Library/PrivateFrameworks/ANEServices.framework/Versions/A/ANEServices
0x00007ff91d0cc000 	/usr/lib/libncurses.5.4.dylib
0x00007ffb2ab51000 	/usr/lib/libAudioDSPCore.dylib
0x00007ffa2b6fb000 	/System/Library/Frameworks/OpenGL.framework/Versions/A/Resources/GLEngine.bundle/GLEngine
0x00007ffa2b561000 	/System/Library/Frameworks/OpenGL.framework/Versions/A/Libraries/libGLProgrammability.dylib
0x000000012d048000 	/System/Library/Extensions/AppleMetalOpenGLRenderer.bundle/Contents/MacOS/AppleMetalOpenGLRenderer
0x00007ffa2b885000 	/System/Library/Frameworks/OpenGL.framework/Versions/A/Resources/GLRendererFloat.bundle/GLRendererFloat
0x00007ffa2d69d000 	/System/Library/Extensions/AGXMetal13_3.bundle/Contents/MacOS/AGXMetal13_3
0x00007ff91933b000 	/System/Library/PrivateFrameworks/GPURawCounter.framework/Versions/A/GPURawCounter
0x00007ff913cc1000 	/System/Library/PrivateFrameworks/IOGPU.framework/Versions/A/IOGPU

VM Arguments:
jvm_args: -agentlib:jdwp=transport=dt_socket,server=y,suspend=n,address=5005 -Dfelix.config.properties=file:felix/config.ini -Dorg.osgi.service.http.port=8080 -Dorg.osgi.service.http.port.secure=8443 -Dmaven.compiler.source=1.8 -Dmaven.compiler.target=1.8 
java_command: org.apache.felix.main.Main
java_class_path (initial): bundles/org.apache.felix.main_5.4.0.jar
Launcher Type: SUN_STANDARD

Environment Variables:
PATH=/usr/local/opt/mysql-client/bin:/Library/Frameworks/Python.framework/Versions/3.9/bin:/opt/homebrew/bin:/opt/homebrew/sbin:/usr/local/bin:/usr/bin:/bin:/usr/sbin:/sbin:/Library/TeX/texbin:/Applications/Wireshark.app/Contents/MacOS
SHELL=/bin/zsh

Signal Handlers:
SIGSEGV: [libjvm.dylib+0x5771cd], sa_mask[0]=11111111111111111111111111111111, sa_flags=SA_ONSTACK|SA_RESTART|SA_SIGINFO
SIGBUS: [libjvm.dylib+0x5771cd], sa_mask[0]=11111111111111111111111111111111, sa_flags=SA_RESTART|SA_SIGINFO
SIGFPE: [libjvm.dylib+0x4718d7], sa_mask[0]=11111111111111111111111111111111, sa_flags=SA_RESTART|SA_SIGINFO
SIGPIPE: [libjvm.dylib+0x4718d7], sa_mask[0]=11111111111111111111111111111111, sa_flags=SA_RESTART|SA_SIGINFO
SIGXFSZ: [libjvm.dylib+0x4718d7], sa_mask[0]=11111111111111111111111111111111, sa_flags=SA_RESTART|SA_SIGINFO
SIGILL: [libjvm.dylib+0x4718d7], sa_mask[0]=11111111111111111111111111111111, sa_flags=SA_RESTART|SA_SIGINFO
SIGUSR1: SIG_DFL, sa_mask[0]=00000000000000000000000000000000, sa_flags=none
SIGUSR2: [libjvm.dylib+0x4721b6], sa_mask[0]=00100000000000000000000000000000, sa_flags=SA_RESTART|SA_SIGINFO
SIGHUP: [libjvm.dylib+0x4703df], sa_mask[0]=11111111111111111111111111111111, sa_flags=SA_RESTART|SA_SIGINFO
SIGINT: [libjvm.dylib+0x4703df], sa_mask[0]=11111111111111111111111111111111, sa_flags=SA_RESTART|SA_SIGINFO
SIGTERM: [libjvm.dylib+0x4703df], sa_mask[0]=11111111111111111111111111111111, sa_flags=SA_RESTART|SA_SIGINFO
SIGQUIT: [libjvm.dylib+0x4703df], sa_mask[0]=11111111111111111111111111111111, sa_flags=SA_RESTART|SA_SIGINFO


---------------  S Y S T E M  ---------------

OS:Bsduname:Darwin 21.4.0 Darwin Kernel Version 21.4.0: Fri Mar 18 00:47:26 PDT 2022; root:xnu-8020.101.4~15/RELEASE_ARM64_T8101 x86_64
rlimit: STACK 8176k, CORE 0k, NPROC 1333, NOFILE 10240, AS infinity
load average:3.33 2.47 2.10

CPU:total 8 (initial active 8) (1 cores per cpu, 1 threads per core) family 6 model 44 stepping 0, cmov, cx8, fxsr, mmx, sse, sse2, sse3, ssse3, sse4.1, sse4.2, popcnt, aes, clmul, tsc, tscinvbit, tscinv

Memory: 4k page, physical 8388608k(39356k free)

/proc/meminfo:


vm_info: OpenJDK 64-Bit Server VM (25.322-b06) for bsd-amd64 JRE (1.8.0_322-b06), built on Jan 13 2022 23:37:09 by "ec2-user" with gcc Apple LLVM 13.0.0 (clang-1300.0.29.3)

time: Tue May 24 23:03:46 2022
timezone: CEST
elapsed time: 3.719427 seconds (0d 0h 0m 3s)

