#
# A fatal error has been detected by the Java Runtime Environment:
#
#  SIGSEGV (0xb) at pc=0x00007ff812eeb33f, pid=26873, tid=0x0000000000015d67
#
# JRE version: OpenJDK Runtime Environment (8.0_322-b06) (build 1.8.0_322-b06)
# Java VM: OpenJDK 64-Bit Server VM (25.322-b06 mixed mode bsd-amd64 compressed oops)
# Problematic frame:
# C  [libobjc.A.dylib+0x933f]  objc_release+0x1f
#
# Failed to write core dump. Core dumps have been disabled. To enable core dumping, try "ulimit -c unlimited" before starting Java again
#
# If you would like to submit a bug report, please visit:
#   https://github.com/corretto/corretto-8/issues/
# The crash happened outside the Java Virtual Machine in native code.
# See problematic frame for where to report the bug.
#

---------------  T H R E A D  ---------------

Current thread (0x00007fe328349800):  JavaThread "LWJGL Application" daemon [_thread_in_native, id=89447, stack(0x00000003076d8000,0x00000003077d8000)]

siginfo: si_signo: 11 (SIGSEGV), si_code: 1 (SEGV_MAPERR), si_addr: 0x000046e1a8c50890

Registers:
RAX=0x0000c6e1a8c50870, RBX=0x0000000000000001, RCX=0x000046e1a8c50870, RDX=0x0000000000000000
RSP=0x00000003077d74a8, RBP=0x00000003077d74e0, RSI=0x00007ff82d71b36d, RDI=0x0000600000e50870
R8 =0x00007fe3280c34c8, R9 =0x0000000000000000, R10=0x0000600003223330, R11=0x00007ff815a44134
R12=0x0000600000e50870, R13=0xa3a3a3a3a3a3a3a3, R14=0x00007fe32966e068, R15=0x00007fe32966e000
RIP=0x00007ff812eeb33f, EFLAGS=0x0000000000000246, ERR=0x0000000000000004
  TRAPNO=0x000000000000000e

Top of Stack: (sp=0x00000003077d74a8)
0x00000003077d74a8:   00007ff812eef3da 0b0242c24e3a00fa
0x00000003077d74b8:   00007fe32966e000 0000000000000000
0x00000003077d74c8:   0000000122108e08 00007ff82d71b36d
0x00000003077d74d8:   0000600000e650e0 00000003077d7500
0x00000003077d74e8:   00007ff812eec25f 0b0242c24e3a00fa
0x00000003077d74f8:   00007fe32966e068 00000003077d7520
0x00000003077d7508:   00007ff8130dd822 0b0242c24e3a00fa
0x00000003077d7518:   0000000122108e10 00000003077d7560
0x00000003077d7528:   00007ff813e63d21 00000003077d7560
0x00000003077d7538:   000000012afd8b44 0b0242c24e3a00fa
0x00000003077d7548:   0000000122108e10 00000003077d75e8
0x00000003077d7558:   00007fe328349800 00000003077d75c0
0x00000003077d7568:   000000010bc4c248 0000000122107eb8
0x00000003077d7578:   000000010bc4bc82 00000003077d7580
0x00000003077d7588:   0000000122108e08 00000003077d75e8
0x00000003077d7598:   00000001221093d0 0000000000000000
0x00000003077d75a8:   0000000122108e10 0000000000000000
0x00000003077d75b8:   00000003077d75e0 00000003077d7630
0x00000003077d75c8:   000000010bc3409d 0000000795e162c8
0x00000003077d75d8:   000000010bc42a78 0000000795e27a68
0x00000003077d75e8:   0000000799b90198 00000003077d75f0
0x00000003077d75f8:   0000000122108d0f 00000003077d7660
0x00000003077d7608:   00000001221093d0 0000000000000000
0x00000003077d7618:   0000000122108d80 00000003077d75e0
0x00000003077d7628:   00000003077d7650 00000003077d76b8
0x00000003077d7638:   000000010bc340e2 0000000000000000
0x00000003077d7648:   0000000799b90198 0000000795e27a68
0x00000003077d7658:   0000000799b90210 0000000795e16360
0x00000003077d7668:   0000000000000001 0000000795e16370
0x00000003077d7678:   00000003077d7668 000000012210667e
0x00000003077d7688:   00000003077d76c8 0000000122107598
0x00000003077d7698:   0000000000000000 00000001221066b0 

Instructions: (pc=0x00007ff812eeb33f)
0x00007ff812eeb31f:   c3 48 85 ff 74 76 89 f8 83 e0 01 48 85 c0 75 6c
0x00007ff812eeb32f:   48 8b 07 48 b9 f8 ff ff ff ff 7f 00 00 48 21 c1
0x00007ff812eeb33f:   48 8b 51 20 f6 c2 04 74 54 a8 01 74 72 48 b9 00
0x00007ff812eeb34f:   00 00 00 00 00 80 00 48 ba 00 00 00 00 00 00 00 

Register to memory mapping:

RAX=0x0000c6e1a8c50870 is an unknown value
RBX=0x0000000000000001 is an unknown value
RCX=0x000046e1a8c50870 is an unknown value
RDX=0x0000000000000000 is an unknown value
RSP=0x00000003077d74a8 is pointing into the stack for thread: 0x00007fe328349800
RBP=0x00000003077d74e0 is pointing into the stack for thread: 0x00007fe328349800
RSI=0x00007ff82d71b36d: <offset 0x1a83936d> in /usr/lib/libobjc.A.dylib at 0x00007ff812ee2000
RDI=0x0000600000e50870 is an unknown value
R8 =0x00007fe3280c34c8 is an unknown value
R9 =0x0000000000000000 is an unknown value
R10=0x0000600003223330 is an unknown value
R11=0x00007ff815a44134: -[NSResponder release]+0 in /System/Library/Frameworks/AppKit.framework/Versions/C/AppKit at 0x00007ff815a39000
R12=0x0000600000e50870 is an unknown value
R13=0xa3a3a3a3a3a3a3a3 is an unknown value
R14=0x00007fe32966e068 is an unknown value
R15=0x00007fe32966e000 is an unknown value


Stack: [0x00000003076d8000,0x00000003077d8000],  sp=0x00000003077d74a8,  free space=1021k
Native frames: (J=compiled Java code, j=interpreted, Vv=VM code, C=native code)
C  [libobjc.A.dylib+0x933f]  objc_release+0x1f
C  [libobjc.A.dylib+0xa25f]  objc_autoreleasePoolPop+0xa8
C  [CoreFoundation+0x41822]  _CFAutoreleasePoolPop+0x16
C  [Foundation+0x1ed21]  -[NSAutoreleasePool release]+0x85
j  org.lwjgl.opengl.MacOSXContextImplementation.setView(Ljava/nio/ByteBuffer;Ljava/nio/ByteBuffer;)V+0
j  org.lwjgl.opengl.MacOSXContextImplementation.makeCurrent(Lorg/lwjgl/opengl/PeerInfo;Ljava/nio/ByteBuffer;)V+7
j  org.lwjgl.opengl.ContextGL.makeCurrent()V+46
j  org.lwjgl.opengl.DrawableGL.makeCurrent()V+14
j  org.lwjgl.opengl.Display.makeCurrent()V+3
j  org.lwjgl.opengl.Display.makeCurrentAndSetSwapInterval()V+0
j  org.lwjgl.opengl.Display.create(Lorg/lwjgl/opengl/PixelFormat;Lorg/lwjgl/opengl/Drawable;Lorg/lwjgl/opengl/ContextAttribs;)V+108
j  org.lwjgl.opengl.Display.create(Lorg/lwjgl/opengl/PixelFormat;)V+12
j  com.badlogic.gdx.backends.lwjgl.LwjglGraphics.createDisplayPixelFormat()V+233
j  com.badlogic.gdx.backends.lwjgl.LwjglGraphics.setupDisplay()V+431
j  com.badlogic.gdx.backends.lwjgl.LwjglApplication.mainLoop()V+9
j  com.badlogic.gdx.backends.lwjgl.LwjglApplication$1.run()V+27
v  ~StubRoutines::call_stub
V  [libjvm.dylib+0x2c4ec0]
V  [libjvm.dylib+0x2c3cca]
V  [libjvm.dylib+0x2c3eb5]
V  [libjvm.dylib+0x333c2c]
V  [libjvm.dylib+0x53aac5]
V  [libjvm.dylib+0x53a983]
V  [libjvm.dylib+0x46f48a]
C  [libsystem_pthread.dylib+0x64e1]  _pthread_start+0x7d
C  [libsystem_pthread.dylib+0x1f6b]  thread_start+0xf
C  0x0000000000000000

Java frames: (J=compiled Java code, j=interpreted, Vv=VM code)
j  org.lwjgl.opengl.MacOSXContextImplementation.setView(Ljava/nio/ByteBuffer;Ljava/nio/ByteBuffer;)V+0
j  org.lwjgl.opengl.MacOSXContextImplementation.makeCurrent(Lorg/lwjgl/opengl/PeerInfo;Ljava/nio/ByteBuffer;)V+7
j  org.lwjgl.opengl.ContextGL.makeCurrent()V+46
j  org.lwjgl.opengl.DrawableGL.makeCurrent()V+14
j  org.lwjgl.opengl.Display.makeCurrent()V+3
j  org.lwjgl.opengl.Display.makeCurrentAndSetSwapInterval()V+0
j  org.lwjgl.opengl.Display.create(Lorg/lwjgl/opengl/PixelFormat;Lorg/lwjgl/opengl/Drawable;Lorg/lwjgl/opengl/ContextAttribs;)V+108
j  org.lwjgl.opengl.Display.create(Lorg/lwjgl/opengl/PixelFormat;)V+12
j  com.badlogic.gdx.backends.lwjgl.LwjglGraphics.createDisplayPixelFormat()V+233
j  com.badlogic.gdx.backends.lwjgl.LwjglGraphics.setupDisplay()V+431
j  com.badlogic.gdx.backends.lwjgl.LwjglApplication.mainLoop()V+9
j  com.badlogic.gdx.backends.lwjgl.LwjglApplication$1.run()V+27
v  ~StubRoutines::call_stub

---------------  P R O C E S S  ---------------

Java Threads: ( => current thread )
=>0x00007fe328349800 JavaThread "LWJGL Application" daemon [_thread_in_native, id=89447, stack(0x00000003076d8000,0x00000003077d8000)]
  0x00007fe329e1c000 JavaThread "AWT-Shutdown" [_thread_blocked, id=85511, stack(0x00000003071a5000,0x00000003072a5000)]
  0x00007fe328444000 JavaThread "AppKit Thread" daemon [_thread_in_native, id=259, stack(0x0000000304dc2000,0x00000003055c2000)]
  0x00007fe3278d8800 JavaThread "SCR Component Actor" daemon [_thread_blocked, id=32059, stack(0x00000003070a2000,0x00000003071a2000)]
  0x00007fe32818f800 JavaThread "Gogo shell" daemon [_thread_in_native, id=35615, stack(0x0000000306f9f000,0x000000030709f000)]
  0x00007fe3299e4000 JavaThread "FelixStartLevel" daemon [_thread_blocked, id=39199, stack(0x0000000306e9c000,0x0000000306f9c000)]
  0x00007fe3280f5800 JavaThread "FelixFrameworkWiring" daemon [_thread_blocked, id=38951, stack(0x0000000306d99000,0x0000000306e99000)]
  0x00007fe3280f3000 JavaThread "FelixDispatchQueue" [_thread_blocked, id=24391, stack(0x0000000306c96000,0x0000000306d96000)]
  0x00007fe300811000 JavaThread "Service Thread" daemon [_thread_blocked, id=23303, stack(0x0000000306a90000,0x0000000306b90000)]
  0x00007fe300808800 JavaThread "C1 CompilerThread3" daemon [_thread_blocked, id=41731, stack(0x000000030698d000,0x0000000306a8d000)]
  0x00007fe328046800 JavaThread "C2 CompilerThread2" daemon [_thread_blocked, id=41987, stack(0x000000030688a000,0x000000030698a000)]
  0x00007fe328044800 JavaThread "C2 CompilerThread1" daemon [_thread_blocked, id=42499, stack(0x0000000306787000,0x0000000306887000)]
  0x00007fe327856800 JavaThread "C2 CompilerThread0" daemon [_thread_blocked, id=42755, stack(0x0000000306684000,0x0000000306784000)]
  0x00007fe329811800 JavaThread "JDWP Event Helper Thread" daemon [_thread_blocked, id=43011, stack(0x0000000306581000,0x0000000306681000)]
  0x00007fe329809800 JavaThread "JDWP Transport Listener: dt_socket" daemon [_thread_in_native, id=22287, stack(0x000000030647e000,0x000000030657e000)]
  0x00007fe329027800 JavaThread "Signal Dispatcher" daemon [_thread_blocked, id=21763, stack(0x000000030637b000,0x000000030647b000)]
  0x00007fe329808800 JavaThread "Finalizer" daemon [_thread_blocked, id=13855, stack(0x0000000306167000,0x0000000306267000)]
  0x00007fe327814000 JavaThread "Reference Handler" daemon [_thread_blocked, id=17955, stack(0x0000000306064000,0x0000000306164000)]
  0x00007fe32780d800 JavaThread "main" [_thread_blocked, id=7427, stack(0x0000000305646000,0x0000000305746000)]

Other Threads:
  0x00007fe328030000 VMThread [stack: 0x0000000305f61000,0x0000000306061000] [id=18435]
  0x00007fe328092000 WatcherThread [stack: 0x0000000306b93000,0x0000000306c93000] [id=40707]

VM state:not at safepoint (normal execution)

VM Mutex/Monitor currently owned by a thread: None

heap address: 0x0000000740000000, size: 2048 MB, Compressed Oops mode: Zero based, Oop shift amount: 3
Narrow klass base: 0x0000000000000000, Narrow klass shift: 3
Compressed class space size: 1073741824 Address: 0x00000007c0000000

Heap:
 PSYoungGen      total 71680K, used 16640K [0x0000000795580000, 0x000000079a080000, 0x00000007c0000000)
  eden space 66560K, 17% used [0x0000000795580000,0x00000007960dde78,0x0000000799680000)
  from space 5120K, 97% used [0x0000000799b80000,0x000000079a062488,0x000000079a080000)
  to   space 5120K, 0% used [0x0000000799680000,0x0000000799680000,0x0000000799b80000)
 ParOldGen       total 87552K, used 16K [0x0000000740000000, 0x0000000745580000, 0x0000000795580000)
  object space 87552K, 0% used [0x0000000740000000,0x0000000740004000,0x0000000745580000)
 Metaspace       used 10951K, capacity 11514K, committed 11648K, reserved 1058816K
  class space    used 1153K, capacity 1350K, committed 1408K, reserved 1048576K

Card table byte_map: [0x0000000109679000,0x0000000109a7a000] byte_map_base: 0x0000000105c79000

Marking Bits: (ParMarkBitMap*) 0x000000010a528c18
 Begin Bits: [0x000000011ac2c000, 0x000000011cc2c000)
 End Bits:   [0x000000011cc2c000, 0x000000011ec2c000)

Polling page: 0x000000010906f000

CodeCache: size=245760Kb used=4927Kb max_used=4927Kb free=240832Kb
 bounds [0x000000010bc2c000, 0x000000010c10c000, 0x000000011ac2c000]
 total_blobs=1735 nmethods=1375 adapters=282
 compilation: enabled

Compilation events (10 events):
Event: 2.034 Thread 0x00007fe300808800 1367   !   3       java.util.concurrent.locks.AbstractQueuedSynchronizer::fullyRelease (54 bytes)
Event: 2.035 Thread 0x00007fe300808800 nmethod 1367 0x000000010c0fcd50 code [0x000000010c0fcf00, 0x000000010c0fd508]
Event: 2.041 Thread 0x00007fe300808800 1368       3       java.util.AbstractCollection::toArray (70 bytes)
Event: 2.043 Thread 0x00007fe300808800 nmethod 1368 0x000000010c0fbed0 code [0x000000010c0fc0e0, 0x000000010c0fca68]
Event: 2.043 Thread 0x00007fe300808800 1369       3       org.apache.felix.resolver.ResolverImpl$Packages$3$1::compute (9 bytes)
Event: 2.043 Thread 0x00007fe300808800 nmethod 1369 0x000000010c0fb390 code [0x000000010c0fb540, 0x000000010c0fbb50]
Event: 2.043 Thread 0x00007fe300808800 1370       3       org.apache.felix.resolver.ResolverImpl$Packages$3$1::compute (9 bytes)
Event: 2.044 Thread 0x00007fe300808800 nmethod 1370 0x000000010c0fd810 code [0x000000010c0fd9a0, 0x000000010c0fde30]
Event: 2.044 Thread 0x00007fe300808800 1371       3       org.apache.felix.resolver.ResolverImpl$UsedBlames::<init> (21 bytes)
Event: 2.045 Thread 0x00007fe300808800 nmethod 1371 0x000000010c0fac50 code [0x000000010c0fade0, 0x000000010c0fb1b0]

GC Heap History (4 events):
Event: 0.734 GC heap before
{Heap before GC invocations=1 (full 0):
 PSYoungGen      total 38400K, used 33280K [0x0000000795580000, 0x0000000798000000, 0x00000007c0000000)
  eden space 33280K, 100% used [0x0000000795580000,0x0000000797600000,0x0000000797600000)
  from space 5120K, 0% used [0x0000000797b00000,0x0000000797b00000,0x0000000798000000)
  to   space 5120K, 0% used [0x0000000797600000,0x0000000797600000,0x0000000797b00000)
 ParOldGen       total 87552K, used 0K [0x0000000740000000, 0x0000000745580000, 0x0000000795580000)
  object space 87552K, 0% used [0x0000000740000000,0x0000000740000000,0x0000000745580000)
 Metaspace       used 7741K, capacity 7940K, committed 8192K, reserved 1056768K
  class space    used 840K, capacity 937K, committed 1024K, reserved 1048576K
Event: 0.747 GC heap after
Heap after GC invocations=1 (full 0):
 PSYoungGen      total 38400K, used 4132K [0x0000000795580000, 0x000000079a080000, 0x00000007c0000000)
  eden space 33280K, 0% used [0x0000000795580000,0x0000000795580000,0x0000000797600000)
  from space 5120K, 80% used [0x0000000797600000,0x0000000797a09120,0x0000000797b00000)
  to   space 5120K, 0% used [0x0000000799b80000,0x0000000799b80000,0x000000079a080000)
 ParOldGen       total 87552K, used 8K [0x0000000740000000, 0x0000000745580000, 0x0000000795580000)
  object space 87552K, 0% used [0x0000000740000000,0x0000000740002000,0x0000000745580000)
 Metaspace       used 7741K, capacity 7940K, committed 8192K, reserved 1056768K
  class space    used 840K, capacity 937K, committed 1024K, reserved 1048576K
}
Event: 1.738 GC heap before
{Heap before GC invocations=2 (full 0):
 PSYoungGen      total 38400K, used 37412K [0x0000000795580000, 0x000000079a080000, 0x00000007c0000000)
  eden space 33280K, 100% used [0x0000000795580000,0x0000000797600000,0x0000000797600000)
  from space 5120K, 80% used [0x0000000797600000,0x0000000797a09120,0x0000000797b00000)
  to   space 5120K, 0% used [0x0000000799b80000,0x0000000799b80000,0x000000079a080000)
 ParOldGen       total 87552K, used 8K [0x0000000740000000, 0x0000000745580000, 0x0000000795580000)
  object space 87552K, 0% used [0x0000000740000000,0x0000000740002000,0x0000000745580000)
 Metaspace       used 10744K, capacity 11338K, committed 11520K, reserved 1058816K
  class space    used 1130K, capacity 1275K, committed 1280K, reserved 1048576K
Event: 1.778 GC heap after
Heap after GC invocations=2 (full 0):
 PSYoungGen      total 71680K, used 5001K [0x0000000795580000, 0x000000079a080000, 0x00000007c0000000)
  eden space 66560K, 0% used [0x0000000795580000,0x0000000795580000,0x0000000799680000)
  from space 5120K, 97% used [0x0000000799b80000,0x000000079a062488,0x000000079a080000)
  to   space 5120K, 0% used [0x0000000799680000,0x0000000799680000,0x0000000799b80000)
 ParOldGen       total 87552K, used 16K [0x0000000740000000, 0x0000000745580000, 0x0000000795580000)
  object space 87552K, 0% used [0x0000000740000000,0x0000000740004000,0x0000000745580000)
 Metaspace       used 10744K, capacity 11338K, committed 11520K, reserved 1058816K
  class space    used 1130K, capacity 1275K, committed 1280K, reserved 1048576K
}

Deoptimization events (10 events):
Event: 0.832 Thread 0x00007fe32818f800 Uncommon trap: reason=unstable_if action=reinterpret pc=0x000000010be28184 method=java.lang.String.startsWith(Ljava/lang/String;I)Z @ 25
Event: 0.843 Thread 0x00007fe32818f800 Uncommon trap: reason=class_check action=maybe_recompile pc=0x000000010bd42b74 method=java.lang.String.equals(Ljava/lang/Object;)Z @ 8
Event: 0.850 Thread 0x00007fe32818f800 Uncommon trap: reason=unstable_if action=reinterpret pc=0x000000010be28820 method=java.lang.CharacterData.of(I)Ljava/lang/CharacterData; @ 4
Event: 0.852 Thread 0x00007fe32818f800 Uncommon trap: reason=class_check action=maybe_recompile pc=0x000000010bd42b74 method=java.lang.String.equals(Ljava/lang/Object;)Z @ 8
Event: 1.056 Thread 0x00007fe3299e4000 Uncommon trap: reason=unstable_if action=reinterpret pc=0x000000010bfe68ec method=org.osgi.framework.Version.compareTo(Lorg/osgi/framework/Version;)I @ 50
Event: 1.097 Thread 0x00007fe3299e4000 Uncommon trap: reason=unstable_if action=reinterpret pc=0x000000010bef6194 method=org.apache.felix.framework.util.StringComparator.compare(Ljava/lang/String;Ljava/lang/String;)I @ 92
Event: 1.099 Thread 0x00007fe3299e4000 Uncommon trap: reason=unstable_if action=reinterpret pc=0x000000010be88350 method=org.apache.felix.framework.util.StringComparator.compare(Ljava/lang/String;Ljava/lang/String;)I @ 92
Event: 1.232 Thread 0x00007fe3299e4000 Uncommon trap: reason=unstable_if action=reinterpret pc=0x000000010c00a170 method=java.lang.Class.searchMethods([Ljava/lang/reflect/Method;Ljava/lang/String;[Ljava/lang/Class;)Ljava/lang/reflect/Method; @ 43
Event: 1.235 Thread 0x00007fe3299e4000 Uncommon trap: reason=unstable_if action=reinterpret pc=0x000000010bfb66fc method=java.lang.Class.searchMethods([Ljava/lang/reflect/Method;Ljava/lang/String;[Ljava/lang/Class;)Ljava/lang/reflect/Method; @ 75
Event: 1.261 Thread 0x00007fe3299e4000 Uncommon trap: reason=unstable_if action=reinterpret pc=0x000000010c039240 method=java.lang.reflect.Method.invoke(Ljava/lang/Object;[Ljava/lang/Object;)Ljava/lang/Object; @ 4

Classes redefined (0 events):
No events

Internal exceptions (10 events):
Event: 1.605 Thread 0x00007fe3299e4000 Exception <a 'java/security/PrivilegedActionException'> (0x0000000797340118) thrown at [/Users/ec2-user/workspace/Corretto8/macos/x64/build/Corretto8Src/installers/mac/tar/corretto-build/buildRoot/src/hotspot/src/share/vm/prims/jvm.cpp, line 1524]
Event: 1.657 Thread 0x00007fe3299e4000 Exception <a 'org/lwjgl/LWJGLException': Could not load OpenAL library> (0x00000007973bc7b8) thrown at [/Users/ec2-user/workspace/Corretto8/macos/x64/build/Corretto8Src/installers/mac/tar/corretto-build/buildRoot/src/hotspot/src/share/vm/prims/jni.cpp, li
Event: 1.657 Thread 0x00007fe3299e4000 Exception <a 'org/lwjgl/LWJGLException': Could not load OpenAL library> (0x00000007973bcf70) thrown at [/Users/ec2-user/workspace/Corretto8/macos/x64/build/Corretto8Src/installers/mac/tar/corretto-build/buildRoot/src/hotspot/src/share/vm/prims/jni.cpp, li
Event: 1.657 Thread 0x00007fe3299e4000 Exception <a 'org/lwjgl/LWJGLException': Could not load OpenAL library> (0x00000007973bd678) thrown at [/Users/ec2-user/workspace/Corretto8/macos/x64/build/Corretto8Src/installers/mac/tar/corretto-build/buildRoot/src/hotspot/src/share/vm/prims/jni.cpp, li
Event: 1.657 Thread 0x00007fe3299e4000 Exception <a 'org/lwjgl/LWJGLException': Could not load OpenAL library> (0x00000007973bdd88) thrown at [/Users/ec2-user/workspace/Corretto8/macos/x64/build/Corretto8Src/installers/mac/tar/corretto-build/buildRoot/src/hotspot/src/share/vm/prims/jni.cpp, li
Event: 1.657 Thread 0x00007fe3299e4000 Exception <a 'org/lwjgl/LWJGLException': Could not load OpenAL library> (0x00000007973be490) thrown at [/Users/ec2-user/workspace/Corretto8/macos/x64/build/Corretto8Src/installers/mac/tar/corretto-build/buildRoot/src/hotspot/src/share/vm/prims/jni.cpp, li
Event: 1.657 Thread 0x00007fe3299e4000 Exception <a 'org/lwjgl/LWJGLException': Could not load OpenAL library> (0x00000007973beb08) thrown at [/Users/ec2-user/workspace/Corretto8/macos/x64/build/Corretto8Src/installers/mac/tar/corretto-build/buildRoot/src/hotspot/src/share/vm/prims/jni.cpp, li
Event: 1.657 Thread 0x00007fe3299e4000 Exception <a 'org/lwjgl/LWJGLException': Could not load OpenAL library> (0x00000007973bf140) thrown at [/Users/ec2-user/workspace/Corretto8/macos/x64/build/Corretto8Src/installers/mac/tar/corretto-build/buildRoot/src/hotspot/src/share/vm/prims/jni.cpp, li
Event: 1.657 Thread 0x00007fe3299e4000 Exception <a 'org/lwjgl/LWJGLException': Could not load OpenAL library> (0x00000007973bf978) thrown at [/Users/ec2-user/workspace/Corretto8/macos/x64/build/Corretto8Src/installers/mac/tar/corretto-build/buildRoot/src/hotspot/src/share/vm/prims/jni.cpp, li
Event: 1.722 Thread 0x00007fe3299e4000 Exception <a 'java/lang/NoClassDefFoundError': org/apache/felix/shell/Command> (0x0000000797545a38) thrown at [/Users/ec2-user/workspace/Corretto8/macos/x64/build/Corretto8Src/installers/mac/tar/corretto-build/buildRoot/src/hotspot/src/share/vm/classfile/

Events (10 events):
Event: 2.049 Thread 0x00007fe30100b800 DEOPT PACKING pc=0x000000010c0f766c sp=0x0000000307fef8d0
Event: 2.049 Thread 0x00007fe30100b800 DEOPT UNPACKING pc=0x000000010bc730c4 sp=0x0000000307fef690 mode 1
Event: 2.049 Thread 0x00007fe3284b8000 DEOPT PACKING pc=0x000000010c00d20c sp=0x0000000307be3710
Event: 2.049 Thread 0x00007fe3284b8000 DEOPT UNPACKING pc=0x000000010bc730c4 sp=0x0000000307be3480 mode 1
Event: 2.049 Thread 0x00007fe3284b8000 DEOPT PACKING pc=0x000000010c0f3c3c sp=0x0000000307be37f0
Event: 2.049 Thread 0x00007fe3284b8000 DEOPT UNPACKING pc=0x000000010bc730c4 sp=0x0000000307be35b0 mode 1
Event: 2.049 Thread 0x00007fe3284b8000 DEOPT PACKING pc=0x000000010c0f766c sp=0x0000000307be38d0
Event: 2.049 Thread 0x00007fe3284b8000 DEOPT UNPACKING pc=0x000000010bc730c4 sp=0x0000000307be3690 mode 1
Event: 2.049 Thread 0x00007fe30100b800 Thread exited: 0x00007fe30100b800
Event: 2.049 Thread 0x00007fe3284b8000 Thread exited: 0x00007fe3284b8000


Dynamic libraries:
0x00007ff82a33a000 	/System/Library/Frameworks/Cocoa.framework/Versions/A/Cocoa
0x00007ff815a39000 	/System/Library/Frameworks/AppKit.framework/Versions/C/AppKit
0x00007ff818fa3000 	/System/Library/Frameworks/CoreData.framework/Versions/A/CoreData
0x00007ff813e45000 	/System/Library/Frameworks/Foundation.framework/Versions/C/Foundation
0x00007ff81e225000 	/usr/lib/libSystem.B.dylib
0x00007ff8168c7000 	/System/Library/PrivateFrameworks/UIFoundation.framework/Versions/A/UIFoundation
0x00007ff824244000 	/System/Library/PrivateFrameworks/RemoteViewServices.framework/Versions/A/RemoteViewServices
0x00007ff81c4e8000 	/System/Library/PrivateFrameworks/XCTTargetBootstrap.framework/Versions/A/XCTTargetBootstrap
0x00007ff8200ea000 	/System/Library/PrivateFrameworks/InternationalSupport.framework/Versions/A/InternationalSupport
0x00007ff820174000 	/System/Library/PrivateFrameworks/UserActivity.framework/Versions/A/UserActivity
0x00007ff81f4ce000 	/usr/lib/libspindump.dylib
0x00007ff816b55000 	/System/Library/Frameworks/UniformTypeIdentifiers.framework/Versions/A/UniformTypeIdentifiers
0x00007ff81ac11000 	/usr/lib/libapp_launch_measurement.dylib
0x00007ff819984000 	/System/Library/PrivateFrameworks/CoreAnalytics.framework/Versions/A/CoreAnalytics
0x00007ff81ac14000 	/System/Library/PrivateFrameworks/CoreAutoLayout.framework/Versions/A/CoreAutoLayout
0x00007ff81be42000 	/System/Library/Frameworks/Metal.framework/Versions/A/Metal
0x00007ff81cb6e000 	/usr/lib/liblangid.dylib
0x00007ff81c4ed000 	/System/Library/PrivateFrameworks/CoreSVG.framework/Versions/A/CoreSVG
0x00007ff817f3c000 	/System/Library/PrivateFrameworks/SkyLight.framework/Versions/A/SkyLight
0x00007ff8182da000 	/System/Library/Frameworks/CoreGraphics.framework/Versions/A/CoreGraphics
0x00007ff824904000 	/System/Library/Frameworks/Accelerate.framework/Versions/A/Accelerate
0x00007ff81ef4d000 	/System/Library/PrivateFrameworks/IconServices.framework/Versions/A/IconServices
0x00007ff81be27000 	/System/Library/Frameworks/IOSurface.framework/Versions/A/IOSurface
0x00007ff8199b2000 	/usr/lib/libDiagnosticMessagesClient.dylib
0x00007ff81e13f000 	/usr/lib/libz.1.dylib
0x00007ff827fe7000 	/System/Library/Frameworks/ApplicationServices.framework/Versions/A/ApplicationServices
0x00007ff81c4d4000 	/System/Library/PrivateFrameworks/DFRFoundation.framework/Versions/A/DFRFoundation
0x00007ff815321000 	/usr/lib/libicucore.A.dylib
0x00007ff820edf000 	/System/Library/Frameworks/AudioToolbox.framework/Versions/A/AudioToolbox
0x00007ff8200f6000 	/System/Library/PrivateFrameworks/DataDetectorsCore.framework/Versions/A/DataDetectorsCore
0x00007ff91c0c8000 	/System/Library/PrivateFrameworks/TextInput.framework/Versions/A/TextInput
0x00007ff817ebf000 	/usr/lib/libMobileGestalt.dylib
0x00007ff81c1e0000 	/System/Library/Frameworks/Carbon.framework/Versions/A/Frameworks/HIToolbox.framework/Versions/A/HIToolbox
0x00007ff81a617000 	/System/Library/Frameworks/QuartzCore.framework/Versions/A/QuartzCore
0x00007ff814fc8000 	/System/Library/Frameworks/Security.framework/Versions/A/Security
0x00007ff82427c000 	/System/Library/Frameworks/Carbon.framework/Versions/A/Frameworks/SpeechRecognition.framework/Versions/A/SpeechRecognition
0x00007ff81a971000 	/System/Library/PrivateFrameworks/CoreUI.framework/Versions/A/CoreUI
0x00007ff814894000 	/System/Library/Frameworks/CoreAudio.framework/Versions/A/CoreAudio
0x00007ff819aa1000 	/System/Library/Frameworks/DiskArbitration.framework/Versions/A/DiskArbitration
0x00007ff81f8ba000 	/System/Library/PrivateFrameworks/MultitouchSupport.framework/Versions/A/MultitouchSupport
0x00007ff817ebe000 	/usr/lib/libenergytrace.dylib
0x00007ff815925000 	/System/Library/Frameworks/IOKit.framework/Versions/A/IOKit
0x00007ff82466c000 	/System/Library/Frameworks/CoreServices.framework/Versions/A/CoreServices
0x00007ff81abab000 	/System/Library/PrivateFrameworks/PerformanceAnalysis.framework/Versions/A/PerformanceAnalysis
0x00007ffa2b4d4000 	/System/Library/Frameworks/OpenGL.framework/Versions/A/OpenGL
0x00007ff81d759000 	/System/Library/PrivateFrameworks/MobileKeyBag.framework/Versions/A/MobileKeyBag
0x00007ff812ee2000 	/usr/lib/libobjc.A.dylib
0x00007ff818a04000 	/System/Library/Frameworks/ColorSync.framework/Versions/A/ColorSync
0x00007ff81309c000 	/System/Library/Frameworks/CoreFoundation.framework/Versions/A/CoreFoundation
0x00007ff81c764000 	/System/Library/Frameworks/CoreImage.framework/Versions/A/CoreImage
0x00007ff8146ac000 	/System/Library/Frameworks/CoreText.framework/Versions/A/CoreText
0x00007ff81c51d000 	/System/Library/Frameworks/ImageIO.framework/Versions/A/ImageIO
0x00007ff81e22b000 	/System/Library/PrivateFrameworks/SoftLinking.framework/Versions/A/SoftLinking
0x00007ff81ac5c000 	/usr/lib/libxml2.2.dylib
0x00007ff812fa8000 	/usr/lib/libc++.1.dylib
0x00007ff81e4ac000 	/usr/lib/libcompression.dylib
0x00007ff82001d000 	/System/Library/PrivateFrameworks/TextureIO.framework/Versions/A/TextureIO
0x00007ff81ebc6000 	/usr/lib/libate.dylib
0x00007ff81e220000 	/usr/lib/system/libcache.dylib
0x00007ff81e1dc000 	/usr/lib/system/libcommonCrypto.dylib
0x00007ff81e205000 	/usr/lib/system/libcompiler_rt.dylib
0x00007ff81e1fb000 	/usr/lib/system/libcopyfile.dylib
0x00007ff812ddd000 	/usr/lib/system/libcorecrypto.dylib
0x00007ff812e9b000 	/usr/lib/system/libdispatch.dylib
0x00007ff81305b000 	/usr/lib/system/libdyld.dylib
0x00007ff81e217000 	/usr/lib/system/libkeymgr.dylib
0x00007ff81e1ba000 	/usr/lib/system/libmacho.dylib
0x00007ff81d833000 	/usr/lib/system/libquarantine.dylib
0x00007ff81e215000 	/usr/lib/system/libremovefile.dylib
0x00007ff817f0c000 	/usr/lib/system/libsystem_asl.dylib
0x00007ff812d86000 	/usr/lib/system/libsystem_blocks.dylib
0x00007ff812f1f000 	/usr/lib/system/libsystem_c.dylib
0x00007ff81e20d000 	/usr/lib/system/libsystem_collections.dylib
0x00007ff81cb5e000 	/usr/lib/system/libsystem_configuration.dylib
0x00007ff81be0a000 	/usr/lib/system/libsystem_containermanager.dylib
0x00007ff81deed000 	/usr/lib/system/libsystem_coreservices.dylib
0x00007ff8155b5000 	/usr/lib/system/libsystem_darwin.dylib
0x00007ff81e218000 	/usr/lib/system/libsystem_dnssd.dylib
0x00007ff812f1c000 	/usr/lib/system/libsystem_featureflags.dylib
0x00007ff813071000 	/usr/lib/system/libsystem_info.dylib
0x00007ff81e152000 	/usr/lib/system/libsystem_m.dylib
0x00007ff812e6f000 	/usr/lib/system/libsystem_malloc.dylib
0x00007ff817ea7000 	/usr/lib/system/libsystem_networkextension.dylib
0x00007ff8159db000 	/usr/lib/system/libsystem_notify.dylib
0x00007ff824541000 	/usr/lib/system/libsystem_product_info_filter.dylib
0x00007ff81cb62000 	/usr/lib/system/libsystem_sandbox.dylib
0x00007ff81e212000 	/usr/lib/system/libsystem_secinit.dylib
0x00007ff813017000 	/usr/lib/system/libsystem_kernel.dylib
0x00007ff813067000 	/usr/lib/system/libsystem_platform.dylib
0x00007ff81304f000 	/usr/lib/system/libsystem_pthread.dylib
0x00007ff8197c4000 	/usr/lib/system/libsystem_symptoms.dylib
0x00007ff812dc4000 	/usr/lib/system/libsystem_trace.dylib
0x00007ff81e1e8000 	/usr/lib/system/libunwind.dylib
0x00007ff812d88000 	/usr/lib/system/libxpc.dylib
0x00007ff813001000 	/usr/lib/libc++abi.dylib
0x00007ff81e1f3000 	/usr/lib/liboah.dylib
0x00007ff81e984000 	/usr/lib/liblzma.5.dylib
0x00007ff813b58000 	/System/Library/Frameworks/SystemConfiguration.framework/Versions/A/SystemConfiguration
0x00007ff81e227000 	/usr/lib/libfakelink.dylib
0x00007ff817a18000 	/System/Library/Frameworks/CFNetwork.framework/Versions/A/CFNetwork
0x00007ff81e368000 	/usr/lib/libarchive.2.dylib
0x00007ff81cb6a000 	/System/Library/PrivateFrameworks/AppleSystemInfo.framework/Versions/A/AppleSystemInfo
0x00007ff81d85a000 	/usr/lib/libbsm.0.dylib
0x00007ff81702b000 	/usr/lib/libnetwork.dylib
0x00007ff81e1c0000 	/usr/lib/system/libkxld.dylib
0x00007ff81d486000 	/System/Library/PrivateFrameworks/IOMobileFramebuffer.framework/Versions/A/IOMobileFramebuffer
0x00007ffb2abbd000 	/usr/lib/libCoreEntitlements.dylib
0x00007ff81decf000 	/System/Library/PrivateFrameworks/AppleFSCompression.framework/Versions/A/AppleFSCompression
0x00007ff81d842000 	/usr/lib/libcoretls.dylib
0x00007ff81e99e000 	/usr/lib/libcoretls_cfhelpers.dylib
0x00007ff81e4a7000 	/usr/lib/libpam.2.dylib
0x00007ff8193e7000 	/usr/lib/libsqlite3.dylib
0x00007ff81ea0d000 	/usr/lib/libxar.1.dylib
0x00007ff81dedf000 	/usr/lib/libbz2.1.0.dylib
0x00007ff81e22c000 	/usr/lib/libpcap.A.dylib
0x00007ff8197bc000 	/usr/lib/libdns_services.dylib
0x00007ff81e47a000 	/usr/lib/libapple_nghttp2.dylib
0x00007ff81e266000 	/usr/lib/libiconv.2.dylib
0x00007ff81e1b9000 	/usr/lib/libcharset.1.dylib
0x00007ff81abdf000 	/System/Library/Frameworks/CoreServices.framework/Versions/A/Frameworks/FSEvents.framework/Versions/A/FSEvents
0x00007ff8155bf000 	/System/Library/Frameworks/CoreServices.framework/Versions/A/Frameworks/CarbonCore.framework/Versions/A/CarbonCore
0x00007ff819a05000 	/System/Library/Frameworks/CoreServices.framework/Versions/A/Frameworks/Metadata.framework/Versions/A/Metadata
0x00007ff81def2000 	/System/Library/Frameworks/CoreServices.framework/Versions/A/Frameworks/OSServices.framework/Versions/A/OSServices
0x00007ff81e3ef000 	/System/Library/Frameworks/CoreServices.framework/Versions/A/Frameworks/SearchKit.framework/Versions/A/SearchKit
0x00007ff81974f000 	/System/Library/Frameworks/CoreServices.framework/Versions/A/Frameworks/AE.framework/Versions/A/AE
0x00007ff81359d000 	/System/Library/Frameworks/CoreServices.framework/Versions/A/Frameworks/LaunchServices.framework/Versions/A/LaunchServices
0x00007ff81e935000 	/System/Library/Frameworks/CoreServices.framework/Versions/A/Frameworks/DictionaryServices.framework/Versions/A/DictionaryServices
0x00007ff81abec000 	/System/Library/Frameworks/CoreServices.framework/Versions/A/Frameworks/SharedFileList.framework/Versions/A/SharedFileList
0x00007ff81d836000 	/usr/lib/libCheckFix.dylib
0x00007ff817f23000 	/System/Library/PrivateFrameworks/TCC.framework/Versions/A/TCC
0x00007ff81cb70000 	/System/Library/PrivateFrameworks/CoreNLP.framework/Versions/A/CoreNLP
0x00007ff8199b5000 	/System/Library/PrivateFrameworks/MetadataUtilities.framework/Versions/A/MetadataUtilities
0x00007ff813c08000 	/usr/lib/libmecabra.dylib
0x00007ff81d86a000 	/usr/lib/libmecab.dylib
0x00007ff813bd3000 	/usr/lib/libCRFSuite.dylib
0x00007ff81d8c4000 	/usr/lib/libgermantok.dylib
0x00007ff81e455000 	/usr/lib/libThaiTokenizer.dylib
0x00007ff819aa8000 	/System/Library/Frameworks/Accelerate.framework/Versions/A/Frameworks/vImage.framework/Versions/A/vImage
0x00007ff824643000 	/System/Library/Frameworks/Accelerate.framework/Versions/A/Frameworks/vecLib.framework/Versions/A/vecLib
0x00007ff81ea4e000 	/System/Library/Frameworks/Accelerate.framework/Versions/A/Frameworks/vecLib.framework/Versions/A/libvMisc.dylib
0x00007ff81d285000 	/System/Library/Frameworks/Accelerate.framework/Versions/A/Frameworks/vecLib.framework/Versions/A/libvDSP.dylib
0x00007ff813917000 	/System/Library/Frameworks/Accelerate.framework/Versions/A/Frameworks/vecLib.framework/Versions/A/libBLAS.dylib
0x00007ff81e58a000 	/System/Library/Frameworks/Accelerate.framework/Versions/A/Frameworks/vecLib.framework/Versions/A/libLAPACK.dylib
0x00007ff81d8c7000 	/System/Library/Frameworks/Accelerate.framework/Versions/A/Frameworks/vecLib.framework/Versions/A/libLinearAlgebra.dylib
0x00007ff81e492000 	/System/Library/Frameworks/Accelerate.framework/Versions/A/Frameworks/vecLib.framework/Versions/A/libSparseBLAS.dylib
0x00007ff81e584000 	/System/Library/Frameworks/Accelerate.framework/Versions/A/Frameworks/vecLib.framework/Versions/A/libQuadrature.dylib
0x00007ff81cc5b000 	/System/Library/Frameworks/Accelerate.framework/Versions/A/Frameworks/vecLib.framework/Versions/A/libBNNS.dylib
0x00007ff813ae9000 	/System/Library/Frameworks/Accelerate.framework/Versions/A/Frameworks/vecLib.framework/Versions/A/libSparse.dylib
0x00007ff81cc54000 	/System/Library/PrivateFrameworks/LinguisticData.framework/Versions/A/LinguisticData
0x00007ff813a9f000 	/System/Library/PrivateFrameworks/Lexicon.framework/Versions/A/Lexicon
0x00007ff81ea47000 	/usr/lib/libChineseTokenizer.dylib
0x00007ff814201000 	/System/Library/PrivateFrameworks/LanguageModeling.framework/Versions/A/LanguageModeling
0x00007ff81e457000 	/System/Library/PrivateFrameworks/AppleSauce.framework/Versions/A/AppleSauce
0x00007ff81d474000 	/System/Library/PrivateFrameworks/CoreEmoji.framework/Versions/A/CoreEmoji
0x00007ff81e357000 	/usr/lib/libcmph.dylib
0x00007ff81abc3000 	/System/Library/Frameworks/OpenDirectory.framework/Versions/A/Frameworks/CFOpenDirectory.framework/Versions/A/CFOpenDirectory
0x00007ff81abb7000 	/System/Library/Frameworks/OpenDirectory.framework/Versions/A/OpenDirectory
0x00007ff81e9a0000 	/System/Library/PrivateFrameworks/APFS.framework/Versions/A/APFS
0x00007ff81d791000 	/System/Library/Frameworks/SecurityFoundation.framework/Versions/A/SecurityFoundation
0x00007ff81ea1b000 	/usr/lib/libutil.dylib
0x00007ff8158e9000 	/System/Library/PrivateFrameworks/CoreServicesStore.framework/Versions/A/CoreServicesStore
0x00007ff81ea1f000 	/usr/lib/libxslt.1.dylib
0x00007ff81d81e000 	/System/Library/PrivateFrameworks/BackgroundTaskManagement.framework/Versions/A/BackgroundTaskManagement
0x00007ff81ff3e000 	/System/Library/Frameworks/ImageIO.framework/Versions/A/Resources/libRadiance.dylib
0x00007ff81ff47000 	/System/Library/Frameworks/ImageIO.framework/Versions/A/Resources/libJPEG.dylib
0x00007ff81fe99000 	/System/Library/Frameworks/ImageIO.framework/Versions/A/Resources/libPng.dylib
0x00007ff81feba000 	/System/Library/Frameworks/ImageIO.framework/Versions/A/Resources/libTIFF.dylib
0x00007ff81ffa6000 	/System/Library/Frameworks/ImageIO.framework/Versions/A/Resources/libGIF.dylib
0x00007ff81f7d6000 	/System/Library/Frameworks/ImageIO.framework/Versions/A/Resources/libJP2.dylib
0x00007ff81ef14000 	/usr/lib/libexpat.1.dylib
0x00007ff81f78b000 	/System/Library/PrivateFrameworks/AppleJPEG.framework/Versions/A/AppleJPEG
0x00007ff81c0a4000 	/System/Library/PrivateFrameworks/FontServices.framework/libFontParser.dylib
0x00007ff8196f9000 	/System/Library/PrivateFrameworks/RunningBoardServices.framework/Versions/A/RunningBoardServices
0x00007ff82a8f2000 	/System/Library/PrivateFrameworks/IOSurfaceAccelerator.framework/Versions/A/IOSurfaceAccelerator
0x00007ff81f8b6000 	/System/Library/PrivateFrameworks/WatchdogClient.framework/Versions/A/WatchdogClient
0x00007ff8142ef000 	/System/Library/Frameworks/CoreDisplay.framework/Versions/A/CoreDisplay
0x00007ff81bfa2000 	/System/Library/Frameworks/CoreMedia.framework/Versions/A/CoreMedia
0x00007ff81be39000 	/System/Library/PrivateFrameworks/IOAccelerator.framework/Versions/A/IOAccelerator
0x00007ff81ad40000 	/System/Library/Frameworks/CoreVideo.framework/Versions/A/CoreVideo
0x00007ff81e4a5000 	/System/Library/Frameworks/MetalPerformanceShaders.framework/Versions/A/MetalPerformanceShaders
0x00007ff81f8f3000 	/System/Library/Frameworks/VideoToolbox.framework/Versions/A/VideoToolbox
0x00007ff819643000 	/System/Library/PrivateFrameworks/BaseBoard.framework/Versions/A/BaseBoard
0x00007ff8193cd000 	/System/Library/PrivateFrameworks/ProtocolBuffer.framework/Versions/A/ProtocolBuffer
0x00007ff81ff37000 	/System/Library/PrivateFrameworks/GPUWrangler.framework/Versions/A/GPUWrangler
0x00007ff81ff1b000 	/System/Library/PrivateFrameworks/IOPresentment.framework/Versions/A/IOPresentment
0x00007ff81ff41000 	/System/Library/PrivateFrameworks/DSExternalDisplay.framework/Versions/A/DSExternalDisplay
0x00007ffa2b4c8000 	/System/Library/Frameworks/OpenGL.framework/Versions/A/Libraries/libCoreFSCache.dylib
0x00007ffb18366000 	/System/Library/PrivateFrameworks/GPUCompiler.framework/Versions/31001/Libraries/libGPUCompilerUtils.dylib
0x00007ff81ffab000 	/System/Library/PrivateFrameworks/CMCaptureCore.framework/Versions/A/CMCaptureCore
0x00007ff81f4bc000 	/System/Library/PrivateFrameworks/AppServerSupport.framework/Versions/A/AppServerSupport
0x00007ff821777000 	/System/Library/PrivateFrameworks/perfdata.framework/Versions/A/perfdata
0x00007ff81441b000 	/System/Library/PrivateFrameworks/AudioToolboxCore.framework/Versions/A/AudioToolboxCore
0x00007ff81bf80000 	/System/Library/PrivateFrameworks/caulk.framework/Versions/A/caulk
0x00007ff821089000 	/usr/lib/libAudioStatistics.dylib
0x00007ff918876000 	/System/Library/PrivateFrameworks/SystemPolicy.framework/Versions/A/SystemPolicy
0x00007ff8212e4000 	/usr/lib/libSMC.dylib
0x00007ff82a1ed000 	/System/Library/Frameworks/CoreMIDI.framework/Versions/A/CoreMIDI
0x00007ff81fe68000 	/usr/lib/libAudioToolboxUtility.dylib
0x00007ff914b19000 	/System/Library/PrivateFrameworks/OSAServicesClient.framework/Versions/A/OSAServicesClient
0x00007ff821784000 	/usr/lib/libperfcheck.dylib
0x00007ff919320000 	/usr/lib/libmis.dylib
0x00007ffa2b523000 	/System/Library/Frameworks/OpenGL.framework/Versions/A/Libraries/libGLU.dylib
0x00007ffa2b4e7000 	/System/Library/Frameworks/OpenGL.framework/Versions/A/Libraries/libGFXShared.dylib
0x00007ffa2b6f0000 	/System/Library/Frameworks/OpenGL.framework/Versions/A/Libraries/libGL.dylib
0x00007ffa2b4f0000 	/System/Library/Frameworks/OpenGL.framework/Versions/A/Libraries/libGLImage.dylib
0x00007ffa2b4e4000 	/System/Library/Frameworks/OpenGL.framework/Versions/A/Libraries/libCVMSPluginSupport.dylib
0x00007ffa2b4cf000 	/System/Library/Frameworks/OpenGL.framework/Versions/A/Libraries/libCoreVMClient.dylib
0x00007ff81caec000 	/System/Library/Frameworks/MetalPerformanceShaders.framework/Versions/A/Frameworks/MPSCore.framework/Versions/A/MPSCore
0x00007ff81de3a000 	/System/Library/Frameworks/MetalPerformanceShaders.framework/Versions/A/Frameworks/MPSImage.framework/Versions/A/MPSImage
0x00007ff81d8dd000 	/System/Library/Frameworks/MetalPerformanceShaders.framework/Versions/A/Frameworks/MPSNeuralNetwork.framework/Versions/A/MPSNeuralNetwork
0x00007ff81dd51000 	/System/Library/Frameworks/MetalPerformanceShaders.framework/Versions/A/Frameworks/MPSMatrix.framework/Versions/A/MPSMatrix
0x00007ff81db0c000 	/System/Library/Frameworks/MetalPerformanceShaders.framework/Versions/A/Frameworks/MPSRayIntersector.framework/Versions/A/MPSRayIntersector
0x00007ff81dd89000 	/System/Library/Frameworks/MetalPerformanceShaders.framework/Versions/A/Frameworks/MPSNDArray.framework/Versions/A/MPSNDArray
0x00007ffa30450000 	/System/Library/Frameworks/MetalPerformanceShaders.framework/Versions/A/Frameworks/MPSFunctions.framework/Versions/A/MPSFunctions
0x00007ff8137f4000 	/System/Library/PrivateFrameworks/MetalTools.framework/Versions/A/MetalTools
0x00007ff81cb68000 	/System/Library/PrivateFrameworks/AggregateDictionary.framework/Versions/A/AggregateDictionary
0x00007ff81ecf6000 	/usr/lib/libIOReport.dylib
0x00007ffa2caff000 	/System/Library/Frameworks/OpenCL.framework/Versions/A/OpenCL
0x00007ff81f05a000 	/System/Library/PrivateFrameworks/FaceCore.framework/Versions/A/FaceCore
0x00007ff81f04b000 	/System/Library/PrivateFrameworks/GraphVisualizer.framework/Versions/A/GraphVisualizer
0x00007ffb18271000 	/System/Library/PrivateFrameworks/FontServices.framework/Versions/A/FontServices
0x00007ff81f474000 	/System/Library/PrivateFrameworks/OTSVG.framework/Versions/A/OTSVG
0x00007ff81a927000 	/System/Library/Frameworks/ApplicationServices.framework/Versions/A/Frameworks/ATS.framework/Versions/A/Resources/libFontRegistry.dylib
0x00007ff81f4c4000 	/System/Library/PrivateFrameworks/FontServices.framework/libhvf.dylib
0x00007ffb18272000 	/System/Library/PrivateFrameworks/FontServices.framework/libXTFontStaticRegistryData.dylib
0x00007ff81eec4000 	/System/Library/PrivateFrameworks/AppleVA.framework/Versions/A/AppleVA
0x00007ff8210a9000 	/System/Library/Frameworks/ApplicationServices.framework/Versions/A/Frameworks/ATS.framework/Versions/A/ATS
0x00007ff818b00000 	/System/Library/Frameworks/ApplicationServices.framework/Versions/A/Frameworks/HIServices.framework/Versions/A/HIServices
0x00007ff81ffb5000 	/System/Library/Frameworks/ApplicationServices.framework/Versions/A/Frameworks/PrintCore.framework/Versions/A/PrintCore
0x00007ff821437000 	/System/Library/Frameworks/ApplicationServices.framework/Versions/A/Frameworks/QD.framework/Versions/A/QD
0x00007ff82142f000 	/System/Library/Frameworks/ApplicationServices.framework/Versions/A/Frameworks/ColorSyncLegacy.framework/Versions/A/ColorSyncLegacy
0x00007ff821099000 	/System/Library/Frameworks/ApplicationServices.framework/Versions/A/Frameworks/SpeechSynthesis.framework/Versions/A/SpeechSynthesis
0x00007ff81ff76000 	/System/Library/Frameworks/ApplicationServices.framework/Versions/A/Frameworks/ATSUI.framework/Versions/A/ATSUI
0x00007ff8213c4000 	/usr/lib/libcups.2.dylib
0x00007ff821793000 	/System/Library/Frameworks/Kerberos.framework/Versions/A/Kerberos
0x00007ff8217a2000 	/System/Library/Frameworks/GSS.framework/Versions/A/GSS
0x00007ff821115000 	/usr/lib/libresolv.9.dylib
0x00007ff81f4d3000 	/System/Library/PrivateFrameworks/Heimdal.framework/Versions/A/Heimdal
0x00007ff82836f000 	/System/Library/Frameworks/Kerberos.framework/Versions/A/Libraries/libHeimdalProxy.dylib
0x00007ff8197cc000 	/System/Library/Frameworks/Network.framework/Versions/A/Network
0x00007ff81ef2e000 	/usr/lib/libheimdal-asn1.dylib
0x00007ff8217ed000 	/System/Library/PrivateFrameworks/CommonAuth.framework/Versions/A/CommonAuth
0x00007ff82101b000 	/System/Library/PrivateFrameworks/AudioSession.framework/Versions/A/AudioSession
0x00007ff81efbe000 	/System/Library/PrivateFrameworks/MediaExperience.framework/Versions/A/MediaExperience
0x00007ff820eae000 	/System/Library/PrivateFrameworks/AudioSession.framework/libSessionUtility.dylib
0x00007ff821443000 	/System/Library/PrivateFrameworks/AudioResourceArbitration.framework/Versions/A/AudioResourceArbitration
0x00007ff8254b6000 	/System/Library/PrivateFrameworks/PowerLog.framework/Versions/A/PowerLog
0x00007ff81ef37000 	/System/Library/PrivateFrameworks/IconFoundation.framework/Versions/A/IconFoundation
0x00007ff82426c000 	/System/Library/PrivateFrameworks/SpeechRecognitionCore.framework/Versions/A/SpeechRecognitionCore
0x0000000109e39000 	/Users/annecathrinekirkegaard/Library/Java/JavaVirtualMachines/corretto-1.8.0_322/Contents/Home/jre/lib/server/libjvm.dylib
0x0000000109083000 	/Users/annecathrinekirkegaard/Library/Java/JavaVirtualMachines/corretto-1.8.0_322/Contents/Home/jre/lib/libverify.dylib
0x00000001090f5000 	/Users/annecathrinekirkegaard/Library/Java/JavaVirtualMachines/corretto-1.8.0_322/Contents/Home/jre/lib/libjava.dylib
0x00000001091dc000 	/Users/annecathrinekirkegaard/Library/Java/JavaVirtualMachines/corretto-1.8.0_322/Contents/Home/jre/lib/libjdwp.dylib
0x00000001090ab000 	/Users/annecathrinekirkegaard/Library/Java/JavaVirtualMachines/corretto-1.8.0_322/Contents/Home/jre/lib/libnpt.dylib
0x0000000109291000 	/Users/annecathrinekirkegaard/Library/Java/JavaVirtualMachines/corretto-1.8.0_322/Contents/Home/jre/lib/libzip.dylib
0x0000000121708000 	/Users/annecathrinekirkegaard/Library/Java/JavaVirtualMachines/corretto-1.8.0_322/Contents/Home/jre/lib/libdt_socket.dylib
0x0000000121864000 	/Users/annecathrinekirkegaard/Library/Java/JavaVirtualMachines/corretto-1.8.0_322/Contents/Home/jre/lib/libnio.dylib
0x00000001218c6000 	/Users/annecathrinekirkegaard/Library/Java/JavaVirtualMachines/corretto-1.8.0_322/Contents/Home/jre/lib/libnet.dylib
0x00000001221ed000 	/private/var/folders/4y/kyryk4nd2658tjn17yx9dnrc0000gn/T/libgdxannecathrinekirkegaard/d2edc82d/libgdx64.dylib
0x00007ffb2b665000 	/usr/lib/libstdc++.6.dylib
0x0000000122328000 	/Users/annecathrinekirkegaard/Library/Java/JavaVirtualMachines/corretto-1.8.0_322/Contents/Home/jre/lib/libawt.dylib
0x0000000122561000 	/Users/annecathrinekirkegaard/Library/Java/JavaVirtualMachines/corretto-1.8.0_322/Contents/Home/jre/lib/libmlib_image.dylib
0x00007ffa303ad000 	/System/Library/Frameworks/JavaNativeFoundation.framework/Versions/A/JavaNativeFoundation
0x00007ffa303b9000 	/System/Library/Frameworks/JavaRuntimeSupport.framework/Versions/A/JavaRuntimeSupport
0x00007ff91839b000 	/System/Library/Frameworks/Carbon.framework/Versions/A/Carbon
0x00007ff826733000 	/System/Library/PrivateFrameworks/CoreSymbolication.framework/Versions/A/CoreSymbolication
0x00007ff82bc80000 	/System/Library/Frameworks/Carbon.framework/Versions/A/Frameworks/CommonPanels.framework/Versions/A/CommonPanels
0x00007ff827d67000 	/System/Library/Frameworks/Carbon.framework/Versions/A/Frameworks/Help.framework/Versions/A/Help
0x00007ff82bc84000 	/System/Library/Frameworks/Carbon.framework/Versions/A/Frameworks/ImageCapture.framework/Versions/A/ImageCapture
0x00007ff82bc54000 	/System/Library/Frameworks/Carbon.framework/Versions/A/Frameworks/OpenScripting.framework/Versions/A/OpenScripting
0x00007ff82bc7c000 	/System/Library/Frameworks/Carbon.framework/Versions/A/Frameworks/Ink.framework/Versions/A/Ink
0x00007ff918397000 	/System/Library/Frameworks/Carbon.framework/Versions/A/Frameworks/Print.framework/Versions/A/Print
0x00007ff82bc78000 	/System/Library/Frameworks/Carbon.framework/Versions/A/Frameworks/SecurityHI.framework/Versions/A/SecurityHI
0x00007ff8266f8000 	/System/Library/PrivateFrameworks/DebugSymbols.framework/Versions/A/DebugSymbols
0x00000001227f8000 	/Users/annecathrinekirkegaard/Library/Java/JavaVirtualMachines/corretto-1.8.0_322/Contents/Home/jre/lib/libawt_lwawt.dylib
0x00000001222b5000 	/Users/annecathrinekirkegaard/Library/Java/JavaVirtualMachines/corretto-1.8.0_322/Contents/Home/jre/lib/libosxapp.dylib
0x00007ff917785000 	/System/Library/Frameworks/ExceptionHandling.framework/Versions/A/ExceptionHandling
0x00007ff8158ab000 	/System/Library/PrivateFrameworks/CoreServicesInternal.framework/Versions/A/CoreServicesInternal
0x00007ff825aa7000 	/System/Library/Frameworks/FileProvider.framework/Versions/A/FileProvider
0x00007ff8195b0000 	/System/Library/Frameworks/Accounts.framework/Versions/A/Accounts
0x00007ff825c20000 	/System/Library/PrivateFrameworks/GenerationalStorage.framework/Versions/A/GenerationalStorage
0x00007ff8254ab000 	/System/Library/PrivateFrameworks/SymptomDiagnosticReporter.framework/Versions/A/SymptomDiagnosticReporter
0x00007ff816b69000 	/System/Library/PrivateFrameworks/DesktopServicesPriv.framework/Versions/A/DesktopServicesPriv
0x00007ff8159ea000 	/usr/lib/libsandbox.1.dylib
0x00007ff81adbf000 	/System/Library/PrivateFrameworks/UserManagement.framework/Versions/A/UserManagement
0x00007ff821424000 	/System/Library/PrivateFrameworks/NetAuth.framework/Versions/A/NetAuth
0x00007ff822331000 	/System/Library/PrivateFrameworks/Sharing.framework/Versions/A/Sharing
0x00007ff81ad92000 	/System/Library/PrivateFrameworks/login.framework/Versions/A/Frameworks/loginsupport.framework/Versions/A/loginsupport
0x00007ff827896000 	/System/Library/PrivateFrameworks/Apple80211.framework/Versions/A/Apple80211
0x00007ff81df1f000 	/System/Library/PrivateFrameworks/AuthKit.framework/Versions/A/AuthKit
0x00007ff81d56a000 	/System/Library/PrivateFrameworks/CoreUtils.framework/Versions/A/CoreUtils
0x00007ff81d491000 	/System/Library/Frameworks/CoreWLAN.framework/Versions/A/CoreWLAN
0x00007ff822490000 	/System/Library/Frameworks/IOBluetooth.framework/Versions/A/IOBluetooth
0x00007ff8278fe000 	/System/Library/PrivateFrameworks/CoreWiFi.framework/Versions/A/CoreWiFi
0x00007ff8262ca000 	/System/Library/PrivateFrameworks/FrontBoardServices.framework/Versions/A/FrontBoardServices
0x00007ff82635b000 	/System/Library/PrivateFrameworks/BoardServices.framework/Versions/A/BoardServices
0x00007ff81d780000 	/System/Library/PrivateFrameworks/AssertionServices.framework/Versions/A/AssertionServices
0x00007ff827a81000 	/System/Library/PrivateFrameworks/BackBoardServices.framework/Versions/A/BackBoardServices
0x00007ff82187e000 	/System/Library/PrivateFrameworks/CorePhoneNumbers.framework/Versions/A/CorePhoneNumbers
0x00007ff8255c8000 	/System/Library/PrivateFrameworks/DiskManagement.framework/Versions/A/DiskManagement
0x00007ff8254dc000 	/System/Library/PrivateFrameworks/AppleIDAuthSupport.framework/Versions/A/AppleIDAuthSupport
0x00007ffa32a11000 	/System/Library/PrivateFrameworks/AAAFoundation.framework/Versions/A/AAAFoundation
0x00007ff82185f000 	/System/Library/PrivateFrameworks/KeychainCircle.framework/Versions/A/KeychainCircle
0x00007ff825594000 	/System/Library/PrivateFrameworks/MediaKit.framework/Versions/A/MediaKit
0x00007ff8254e8000 	/System/Library/Frameworks/DiscRecording.framework/Versions/A/DiscRecording
0x00007ff81ee3c000 	/usr/lib/libCoreStorage.dylib
0x00007ff827d6f000 	/usr/lib/libcsfde.dylib
0x00007ff82255d000 	/System/Library/PrivateFrameworks/ProtectedCloudStorage.framework/Versions/A/ProtectedCloudStorage
0x00007ff827d6b000 	/System/Library/PrivateFrameworks/EFILogin.framework/Versions/A/EFILogin
0x00007ff825c46000 	/System/Library/PrivateFrameworks/OctagonTrust.framework/Versions/A/OctagonTrust
0x00007ffb174e0000 	/System/Library/PrivateFrameworks/CoreUtilsExtras.framework/Versions/A/CoreUtilsExtras
0x00007ff82540f000 	/System/Library/Frameworks/CoreBluetooth.framework/Versions/A/CoreBluetooth
0x00007ff8283f4000 	/System/Library/Frameworks/AudioUnit.framework/Versions/A/AudioUnit
0x00007ff81ee34000 	/usr/lib/libMatch.1.dylib
0x00007ff9200c6000 	/System/Library/CoreServices/RawCamera.bundle/Contents/MacOS/RawCamera
0x00007ff8217fd000 	/System/Library/PrivateFrameworks/MobileAsset.framework/Versions/A/MobileAsset
0x00007ff82841b000 	/System/Library/PrivateFrameworks/StreamingZip.framework/Versions/A/StreamingZip
0x00007ffb147da000 	/System/Library/PrivateFrameworks/CMPhoto.framework/Versions/A/CMPhoto
0x00007ff8265ce000 	/System/Library/PrivateFrameworks/AppleVPA.framework/Versions/A/AppleVPA
0x00007ff8201df000 	/System/Library/Frameworks/MediaToolbox.framework/Versions/A/MediaToolbox
0x00007ff825a77000 	/System/Library/PrivateFrameworks/CoreAVCHD.framework/Versions/A/CoreAVCHD
0x00007ff82494c000 	/System/Library/Frameworks/MediaAccessibility.framework/Versions/A/MediaAccessibility
0x00007ff825a73000 	/System/Library/PrivateFrameworks/Mangrove.framework/Versions/A/Mangrove
0x00007ff824957000 	/System/Library/PrivateFrameworks/AlgosScoreFramework.framework/Versions/A/AlgosScoreFramework
0x00007ff8256b8000 	/System/Library/PrivateFrameworks/CoreAUC.framework/Versions/A/CoreAUC
0x00007ff91d8f9000 	/System/Library/Frameworks/Accelerate.framework/Versions/A/Frameworks/vImage.framework/Versions/A/Libraries/libCGInterfaces.dylib
0x00000001227d8000 	/usr/lib/libobjc-trampolines.dylib
0x00007ff81aab7000 	/System/Library/PrivateFrameworks/ViewBridge.framework/Versions/A/ViewBridge
0x00007ff81f58a000 	/System/Library/PrivateFrameworks/login.framework/Versions/A/login
0x000000012ab51000 	/Users/annecathrinekirkegaard/Library/Java/JavaVirtualMachines/corretto-1.8.0_322/Contents/Home/jre/lib/libfontmanager.dylib
0x000000012ad17000 	/Users/annecathrinekirkegaard/Library/Java/JavaVirtualMachines/corretto-1.8.0_322/Contents/Home/jre/lib/libfreetype.dylib.6
0x000000012afc2000 	/private/var/folders/4y/kyryk4nd2658tjn17yx9dnrc0000gn/T/libgdxannecathrinekirkegaard/45614fc1/liblwjgl.dylib
0x000000012aace000 	/Users/annecathrinekirkegaard/Library/Java/JavaVirtualMachines/corretto-1.8.0_322/Contents/Home/jre/lib/libjawt.dylib
0x000000012aed8000 	/private/var/folders/4y/kyryk4nd2658tjn17yx9dnrc0000gn/T/libgdxannecathrinekirkegaard/45614fc1/openal.dylib
0x000000012b3a4000 	/System/Library/Components/CoreAudio.component/Contents/MacOS/CoreAudio
0x00007ffa31635000 	/System/Library/Frameworks/OpenAL.framework/Versions/A/OpenAL
0x000000012c9fc000 	/System/Library/Components/AudioDSP.component/Contents/MacOS/AudioDSP
0x00007ff91868e000 	/System/Library/Frameworks/AVFoundation.framework/Versions/A/AVFoundation
0x00007ffa2f383000 	/System/Library/Frameworks/AVFAudio.framework/Versions/A/AVFAudio
0x00007ff8260da000 	/System/Library/PrivateFrameworks/AVFCore.framework/Versions/A/AVFCore
0x00007ff82d182000 	/System/Library/PrivateFrameworks/AVFCapture.framework/Versions/A/AVFCapture
0x00007ff917423000 	/System/Library/PrivateFrameworks/AirPlaySync.framework/Versions/A/AirPlaySync
0x00007ffb147c3000 	/System/Library/PrivateFrameworks/CMImaging.framework/Versions/A/CMImaging
0x00007ff82d2d4000 	/System/Library/PrivateFrameworks/Quagga.framework/Versions/A/Quagga
0x00007ff912d86000 	/System/Library/PrivateFrameworks/CMCapture.framework/Versions/A/CMCapture
0x00007ff821204000 	/System/Library/Frameworks/CoreMediaIO.framework/Versions/A/CoreMediaIO
0x00007ff82851c000 	/System/Library/PrivateFrameworks/Espresso.framework/Versions/A/Espresso
0x00007ff827df1000 	/System/Library/PrivateFrameworks/AppSupport.framework/Versions/A/AppSupport
0x00007ffa1e13c000 	/System/Library/PrivateFrameworks/ANECompiler.framework/Versions/A/ANECompiler
0x00007ff82a16d000 	/System/Library/PrivateFrameworks/AppleNeuralEngine.framework/Versions/A/AppleNeuralEngine
0x00007ffb1ad4f000 	/System/Library/PrivateFrameworks/MIL.framework/Versions/A/MIL
0x00007ffa30463000 	/System/Library/Frameworks/MetalPerformanceShadersGraph.framework/Versions/A/MetalPerformanceShadersGraph
0x00007ff8290bc000 	/System/Library/PrivateFrameworks/ANEServices.framework/Versions/A/ANEServices
0x00007ff91d0cc000 	/usr/lib/libncurses.5.4.dylib
0x00007ffb2ab51000 	/usr/lib/libAudioDSPCore.dylib
0x00007ffa2b6fb000 	/System/Library/Frameworks/OpenGL.framework/Versions/A/Resources/GLEngine.bundle/GLEngine
0x00007ffa2b561000 	/System/Library/Frameworks/OpenGL.framework/Versions/A/Libraries/libGLProgrammability.dylib
0x000000012b1f6000 	/System/Library/Extensions/AppleMetalOpenGLRenderer.bundle/Contents/MacOS/AppleMetalOpenGLRenderer
0x00007ffa2b885000 	/System/Library/Frameworks/OpenGL.framework/Versions/A/Resources/GLRendererFloat.bundle/GLRendererFloat
0x00007ffa2d69d000 	/System/Library/Extensions/AGXMetal13_3.bundle/Contents/MacOS/AGXMetal13_3
0x00007ff91933b000 	/System/Library/PrivateFrameworks/GPURawCounter.framework/Versions/A/GPURawCounter
0x00007ff913cc1000 	/System/Library/PrivateFrameworks/IOGPU.framework/Versions/A/IOGPU

VM Arguments:
jvm_args: -agentlib:jdwp=transport=dt_socket,server=y,suspend=n,address=5005 -Dfelix.config.properties=file:felix/config.ini -Dorg.osgi.service.http.port=8080 -Dorg.osgi.service.http.port.secure=8443 -Dmaven.compiler.source=1.8 -Dmaven.compiler.target=1.8 
java_command: org.apache.felix.main.Main
java_class_path (initial): bundles/org.apache.felix.main_5.4.0.jar
Launcher Type: SUN_STANDARD

Environment Variables:
PATH=/usr/local/opt/mysql-client/bin:/Library/Frameworks/Python.framework/Versions/3.9/bin:/opt/homebrew/bin:/opt/homebrew/sbin:/usr/local/bin:/usr/bin:/bin:/usr/sbin:/sbin:/Library/TeX/texbin:/Applications/Wireshark.app/Contents/MacOS
SHELL=/bin/zsh

Signal Handlers:
SIGSEGV: [libjvm.dylib+0x5771cd], sa_mask[0]=11111111111111111111111111111111, sa_flags=SA_ONSTACK|SA_RESTART|SA_SIGINFO
SIGBUS: [libjvm.dylib+0x5771cd], sa_mask[0]=11111111111111111111111111111111, sa_flags=SA_RESTART|SA_SIGINFO
SIGFPE: [libjvm.dylib+0x4718d7], sa_mask[0]=11111111111111111111111111111111, sa_flags=SA_RESTART|SA_SIGINFO
SIGPIPE: [libjvm.dylib+0x4718d7], sa_mask[0]=11111111111111111111111111111111, sa_flags=SA_RESTART|SA_SIGINFO
SIGXFSZ: [libjvm.dylib+0x4718d7], sa_mask[0]=11111111111111111111111111111111, sa_flags=SA_RESTART|SA_SIGINFO
SIGILL: [libjvm.dylib+0x4718d7], sa_mask[0]=11111111111111111111111111111111, sa_flags=SA_RESTART|SA_SIGINFO
SIGUSR1: SIG_DFL, sa_mask[0]=00000000000000000000000000000000, sa_flags=none
SIGUSR2: [libjvm.dylib+0x4721b6], sa_mask[0]=00100000000000000000000000000000, sa_flags=SA_RESTART|SA_SIGINFO
SIGHUP: [libjvm.dylib+0x4703df], sa_mask[0]=11111111111111111111111111111111, sa_flags=SA_RESTART|SA_SIGINFO
SIGINT: [libjvm.dylib+0x4703df], sa_mask[0]=11111111111111111111111111111111, sa_flags=SA_RESTART|SA_SIGINFO
SIGTERM: [libjvm.dylib+0x4703df], sa_mask[0]=11111111111111111111111111111111, sa_flags=SA_RESTART|SA_SIGINFO
SIGQUIT: [libjvm.dylib+0x4703df], sa_mask[0]=11111111111111111111111111111111, sa_flags=SA_RESTART|SA_SIGINFO


---------------  S Y S T E M  ---------------

OS:Bsduname:Darwin 21.4.0 Darwin Kernel Version 21.4.0: Fri Mar 18 00:47:26 PDT 2022; root:xnu-8020.101.4~15/RELEASE_ARM64_T8101 x86_64
rlimit: STACK 8176k, CORE 0k, NPROC 1333, NOFILE 10240, AS infinity
load average:4.66 3.40 3.31

CPU:total 8 (initial active 8) (1 cores per cpu, 1 threads per core) family 6 model 44 stepping 0, cmov, cx8, fxsr, mmx, sse, sse2, sse3, ssse3, sse4.1, sse4.2, popcnt, aes, clmul, tsc, tscinvbit, tscinv

Memory: 4k page, physical 8388608k(26628k free)

/proc/meminfo:


vm_info: OpenJDK 64-Bit Server VM (25.322-b06) for bsd-amd64 JRE (1.8.0_322-b06), built on Jan 13 2022 23:37:09 by "ec2-user" with gcc Apple LLVM 13.0.0 (clang-1300.0.29.3)

time: Sun May 15 14:10:16 2022
timezone: CEST
elapsed time: 2.096591 seconds (0d 0h 0m 2s)

